[2020-06-30 11:32:43] afterworkerListener.INFO: worker{2}词典初始化开始 [] []
[2020-06-30 11:32:43] afterworkerListener.INFO: worker{4}词典初始化开始 [] []
[2020-06-30 11:32:43] afterworkerListener.INFO: worker{1}词典初始化开始 [] []
[2020-06-30 11:32:43] afterworkerListener.INFO: worker{5}词典初始化开始 [] []
[2020-06-30 11:32:43] afterworkerListener.INFO: worker{6}词典初始化开始 [] []
[2020-06-30 11:32:43] afterworkerListener.INFO: worker{7}词典初始化开始 [] []
[2020-06-30 11:32:43] afterworkerListener.INFO: worker{3}词典初始化开始 [] []
[2020-06-30 11:32:43] afterworkerListener.INFO: worker{0}词典初始化开始 [] []
[2020-06-30 11:32:43] afterworkerListener.INFO: worker{8}词典初始化开始 [] []
[2020-06-30 11:32:43] afterworkerListener.INFO: worker{9}词典初始化开始 [] []
[2020-06-30 11:32:43] afterworkerListener.INFO: worker{10}词典初始化开始 [] []
[2020-06-30 11:32:43] afterworkerListener.INFO: worker{11}词典初始化开始 [] []
[2020-06-30 11:32:43] afterworkerListener.INFO: worker{12}词典初始化开始 [] []
[2020-06-30 11:32:43] afterworkerListener.INFO: worker{13}词典初始化开始 [] []
[2020-06-30 11:32:43] afterworkerListener.INFO: worker{14}词典初始化开始 [] []
[2020-06-30 11:32:43] afterworkerListener.INFO: worker{15}词典初始化开始 [] []
[2020-06-30 11:32:43] sql.INFO: [31.64] select count(*) as aggregate from `dic_word` [] []
[2020-06-30 11:32:43] dicService.DEBUG: one page cost:54 [] []
[2020-06-30 11:32:43] sql.INFO: [32.69] select count(*) as aggregate from `dic_word` [] []
[2020-06-30 11:32:43] dicService.DEBUG: one page cost:54 [] []
[2020-06-30 11:32:43] sql.INFO: [33.17] select count(*) as aggregate from `dic_word` [] []
[2020-06-30 11:32:43] dicService.DEBUG: one page cost:54 [] []
[2020-06-30 11:32:43] sql.INFO: [33.74] select count(*) as aggregate from `dic_word` [] []
[2020-06-30 11:32:43] sql.INFO: [33.74] select count(*) as aggregate from `dic_word` [] []
[2020-06-30 11:32:43] dicService.DEBUG: one page cost:54 [] []
[2020-06-30 11:32:43] sql.INFO: [33.73] select count(*) as aggregate from `dic_word` [] []
[2020-06-30 11:32:43] dicService.DEBUG: one page cost:54 [] []
[2020-06-30 11:32:43] sql.INFO: [34.25] select count(*) as aggregate from `dic_word` [] []
[2020-06-30 11:32:43] dicService.DEBUG: one page cost:54 [] []
[2020-06-30 11:32:43] sql.INFO: [34.36] select count(*) as aggregate from `dic_word` [] []
[2020-06-30 11:32:43] sql.INFO: [33.61] select count(*) as aggregate from `dic_word` [] []
[2020-06-30 11:32:43] sql.INFO: [34.54] select count(*) as aggregate from `dic_word` [] []
[2020-06-30 11:32:43] dicService.DEBUG: one page cost:54 [] []
[2020-06-30 11:32:43] dicService.DEBUG: one page cost:54 [] []
[2020-06-30 11:32:43] dicService.DEBUG: one page cost:54 [] []
[2020-06-30 11:32:43] sql.INFO: [34.68] select count(*) as aggregate from `dic_word` [] []
[2020-06-30 11:32:43] dicService.DEBUG: one page cost:54 [] []
[2020-06-30 11:32:43] dicService.DEBUG: one page cost:54 [] []
[2020-06-30 11:32:43] sql.INFO: [33.6] select count(*) as aggregate from `dic_word` [] []
[2020-06-30 11:32:43] sql.INFO: [35.09] select count(*) as aggregate from `dic_word` [] []
[2020-06-30 11:32:43] sql.INFO: [35.25] select count(*) as aggregate from `dic_word` [] []
[2020-06-30 11:32:43] sql.INFO: [34.51] select count(*) as aggregate from `dic_word` [] []
[2020-06-30 11:32:43] dicService.DEBUG: one page cost:54 [] []
[2020-06-30 11:32:43] sql.INFO: [35.42] select count(*) as aggregate from `dic_word` [] []
[2020-06-30 11:32:43] dicService.DEBUG: one page cost:54 [] []
[2020-06-30 11:32:43] dicService.DEBUG: one page cost:54 [] []
[2020-06-30 11:32:43] dicService.DEBUG: one page cost:54 [] []
[2020-06-30 11:32:43] dicService.DEBUG: one page cost:54 [] []
[2020-06-30 11:32:43] sql.INFO: [21.91] select * from `dic_word` limit 2000 offset 0 [] []
[2020-06-30 11:32:43] sql.INFO: [24.94] select * from `dic_word` limit 2000 offset 0 [] []
[2020-06-30 11:32:43] sql.INFO: [28.51] select * from `dic_word` limit 2000 offset 0 [] []
[2020-06-30 11:32:43] sql.INFO: [29.24] select * from `dic_word` limit 2000 offset 0 [] []
[2020-06-30 11:32:43] sql.INFO: [29.11] select * from `dic_word` limit 2000 offset 0 [] []
[2020-06-30 11:32:43] sql.INFO: [29.91] select * from `dic_word` limit 2000 offset 0 [] []
[2020-06-30 11:32:43] sql.INFO: [29.75] select * from `dic_word` limit 2000 offset 0 [] []
[2020-06-30 11:32:43] sql.INFO: [29.41] select * from `dic_word` limit 2000 offset 0 [] []
[2020-06-30 11:32:43] sql.INFO: [30.56] select * from `dic_word` limit 2000 offset 0 [] []
[2020-06-30 11:32:43] sql.INFO: [30.56] select * from `dic_word` limit 2000 offset 0 [] []
[2020-06-30 11:32:43] sql.INFO: [29.81] select * from `dic_word` limit 2000 offset 0 [] []
[2020-06-30 11:32:43] sql.INFO: [29.82] select * from `dic_word` limit 2000 offset 0 [] []
[2020-06-30 11:32:43] sql.INFO: [31.46] select * from `dic_word` limit 2000 offset 0 [] []
[2020-06-30 11:32:43] sql.INFO: [28.11] select * from `dic_word` limit 2000 offset 0 [] []
[2020-06-30 11:32:43] sql.INFO: [30.69] select * from `dic_word` limit 2000 offset 0 [] []
[2020-06-30 11:32:43] sql.INFO: [30.55] select * from `dic_word` limit 2000 offset 0 [] []
[2020-06-30 11:32:45] sql.INFO: [6.47] select * from `dic_word` limit 2000 offset 2000 [] []
[2020-06-30 11:32:45] sql.INFO: [6.11] select * from `dic_word` limit 2000 offset 2000 [] []
[2020-06-30 11:32:45] sql.INFO: [6.31] select * from `dic_word` limit 2000 offset 2000 [] []
[2020-06-30 11:32:45] sql.INFO: [14.69] select * from `dic_word` limit 2000 offset 2000 [] []
[2020-06-30 11:32:45] sql.INFO: [15.96] select * from `dic_word` limit 2000 offset 2000 [] []
[2020-06-30 11:32:45] sql.INFO: [14.89] select * from `dic_word` limit 2000 offset 2000 [] []
[2020-06-30 11:32:45] sql.INFO: [15.07] select * from `dic_word` limit 2000 offset 2000 [] []
[2020-06-30 11:32:45] sql.INFO: [9.99] select * from `dic_word` limit 2000 offset 2000 [] []
[2020-06-30 11:32:45] sql.INFO: [12.74] select * from `dic_word` limit 2000 offset 2000 [] []
[2020-06-30 11:32:45] sql.INFO: [14.02] select * from `dic_word` limit 2000 offset 2000 [] []
[2020-06-30 11:32:45] sql.INFO: [14.24] select * from `dic_word` limit 2000 offset 2000 [] []
[2020-06-30 11:32:45] sql.INFO: [14.86] select * from `dic_word` limit 2000 offset 2000 [] []
[2020-06-30 11:32:45] sql.INFO: [13.39] select * from `dic_word` limit 2000 offset 2000 [] []
[2020-06-30 11:32:45] sql.INFO: [13.35] select * from `dic_word` limit 2000 offset 2000 [] []
[2020-06-30 11:32:45] sql.INFO: [11.48] select * from `dic_word` limit 2000 offset 2000 [] []
[2020-06-30 11:32:45] sql.INFO: [10.97] select * from `dic_word` limit 2000 offset 2000 [] []
[2020-06-30 11:32:47] sql.INFO: [10.62] select * from `dic_word` limit 2000 offset 4000 [] []
[2020-06-30 11:32:47] sql.INFO: [6.6] select * from `dic_word` limit 2000 offset 4000 [] []
[2020-06-30 11:32:47] sql.INFO: [8.25] select * from `dic_word` limit 2000 offset 4000 [] []
[2020-06-30 11:32:47] sql.INFO: [8.04] select * from `dic_word` limit 2000 offset 4000 [] []
[2020-06-30 11:32:47] sql.INFO: [7.31] select * from `dic_word` limit 2000 offset 4000 [] []
[2020-06-30 11:32:47] sql.INFO: [7.47] select * from `dic_word` limit 2000 offset 4000 [] []
[2020-06-30 11:32:47] sql.INFO: [7.56] select * from `dic_word` limit 2000 offset 4000 [] []
[2020-06-30 11:32:47] sql.INFO: [14.76] select * from `dic_word` limit 2000 offset 4000 [] []
[2020-06-30 11:32:47] sql.INFO: [14.74] select * from `dic_word` limit 2000 offset 4000 [] []
[2020-06-30 11:32:47] sql.INFO: [12.03] select * from `dic_word` limit 2000 offset 4000 [] []
[2020-06-30 11:32:47] sql.INFO: [11.25] select * from `dic_word` limit 2000 offset 4000 [] []
[2020-06-30 11:32:47] sql.INFO: [11.55] select * from `dic_word` limit 2000 offset 4000 [] []
[2020-06-30 11:32:47] sql.INFO: [11.07] select * from `dic_word` limit 2000 offset 4000 [] []
[2020-06-30 11:32:47] sql.INFO: [9.46] select * from `dic_word` limit 2000 offset 4000 [] []
[2020-06-30 11:32:47] sql.INFO: [9.51] select * from `dic_word` limit 2000 offset 4000 [] []
[2020-06-30 11:32:47] sql.INFO: [9.54] select * from `dic_word` limit 2000 offset 4000 [] []
[2020-06-30 11:32:49] sql.INFO: [7.22] select * from `dic_word` limit 2000 offset 6000 [] []
[2020-06-30 11:32:49] sql.INFO: [8.57] select * from `dic_word` limit 2000 offset 6000 [] []
[2020-06-30 11:32:49] sql.INFO: [10.53] select * from `dic_word` limit 2000 offset 6000 [] []
[2020-06-30 11:32:49] sql.INFO: [8.2] select * from `dic_word` limit 2000 offset 6000 [] []
[2020-06-30 11:32:49] sql.INFO: [7.73] select * from `dic_word` limit 2000 offset 6000 [] []
[2020-06-30 11:32:49] sql.INFO: [7.41] select * from `dic_word` limit 2000 offset 6000 [] []
[2020-06-30 11:32:49] sql.INFO: [7.5] select * from `dic_word` limit 2000 offset 6000 [] []
[2020-06-30 11:32:49] sql.INFO: [7.07] select * from `dic_word` limit 2000 offset 6000 [] []
[2020-06-30 11:32:49] sql.INFO: [8.84] select * from `dic_word` limit 2000 offset 6000 [] []
[2020-06-30 11:32:49] sql.INFO: [10.11] select * from `dic_word` limit 2000 offset 6000 [] []
[2020-06-30 11:32:49] sql.INFO: [8.82] select * from `dic_word` limit 2000 offset 6000 [] []
[2020-06-30 11:32:49] sql.INFO: [8.99] select * from `dic_word` limit 2000 offset 6000 [] []
[2020-06-30 11:32:49] sql.INFO: [7.7] select * from `dic_word` limit 2000 offset 6000 [] []
[2020-06-30 11:32:49] sql.INFO: [7.54] select * from `dic_word` limit 2000 offset 6000 [] []
[2020-06-30 11:32:49] sql.INFO: [8.07] select * from `dic_word` limit 2000 offset 6000 [] []
[2020-06-30 11:32:49] sql.INFO: [7.31] select * from `dic_word` limit 2000 offset 6000 [] []
[2020-06-30 11:32:50] sql.INFO: [9.12] select * from `dic_word` limit 2000 offset 8000 [] []
[2020-06-30 11:32:51] sql.INFO: [8.95] select * from `dic_word` limit 2000 offset 8000 [] []
[2020-06-30 11:32:51] sql.INFO: [8.88] select * from `dic_word` limit 2000 offset 8000 [] []
[2020-06-30 11:32:51] sql.INFO: [8.52] select * from `dic_word` limit 2000 offset 8000 [] []
[2020-06-30 11:32:51] sql.INFO: [9.63] select * from `dic_word` limit 2000 offset 8000 [] []
[2020-06-30 11:32:51] sql.INFO: [9.24] select * from `dic_word` limit 2000 offset 8000 [] []
[2020-06-30 11:32:51] sql.INFO: [8.54] select * from `dic_word` limit 2000 offset 8000 [] []
[2020-06-30 11:32:51] sql.INFO: [12.65] select * from `dic_word` limit 2000 offset 8000 [] []
[2020-06-30 11:32:51] sql.INFO: [11.49] select * from `dic_word` limit 2000 offset 8000 [] []
[2020-06-30 11:32:51] sql.INFO: [11.5] select * from `dic_word` limit 2000 offset 8000 [] []
[2020-06-30 11:32:51] sql.INFO: [11.77] select * from `dic_word` limit 2000 offset 8000 [] []
[2020-06-30 11:32:51] sql.INFO: [9.28] select * from `dic_word` limit 2000 offset 8000 [] []
[2020-06-30 11:32:51] sql.INFO: [8.8] select * from `dic_word` limit 2000 offset 8000 [] []
[2020-06-30 11:32:51] sql.INFO: [8.89] select * from `dic_word` limit 2000 offset 8000 [] []
[2020-06-30 11:32:51] sql.INFO: [8.53] select * from `dic_word` limit 2000 offset 8000 [] []
[2020-06-30 11:32:51] sql.INFO: [8.5] select * from `dic_word` limit 2000 offset 8000 [] []
[2020-06-30 11:32:52] sql.INFO: [9.04] select * from `dic_word` limit 2000 offset 10000 [] []
[2020-06-30 11:32:52] sql.INFO: [9.42] select * from `dic_word` limit 2000 offset 10000 [] []
[2020-06-30 11:32:53] sql.INFO: [9.77] select * from `dic_word` limit 2000 offset 10000 [] []
[2020-06-30 11:32:53] sql.INFO: [9.4] select * from `dic_word` limit 2000 offset 10000 [] []
[2020-06-30 11:32:53] sql.INFO: [9.45] select * from `dic_word` limit 2000 offset 10000 [] []
[2020-06-30 11:32:53] sql.INFO: [10.77] select * from `dic_word` limit 2000 offset 10000 [] []
[2020-06-30 11:32:53] sql.INFO: [10.18] select * from `dic_word` limit 2000 offset 10000 [] []
[2020-06-30 11:32:53] sql.INFO: [10.5] select * from `dic_word` limit 2000 offset 10000 [] []
[2020-06-30 11:32:53] sql.INFO: [13.29] select * from `dic_word` limit 2000 offset 10000 [] []
[2020-06-30 11:32:53] sql.INFO: [10.8] select * from `dic_word` limit 2000 offset 10000 [] []
[2020-06-30 11:32:53] sql.INFO: [10.92] select * from `dic_word` limit 2000 offset 10000 [] []
[2020-06-30 11:32:53] sql.INFO: [10.55] select * from `dic_word` limit 2000 offset 10000 [] []
[2020-06-30 11:32:53] sql.INFO: [11.3] select * from `dic_word` limit 2000 offset 10000 [] []
[2020-06-30 11:32:53] sql.INFO: [10.02] select * from `dic_word` limit 2000 offset 10000 [] []
[2020-06-30 11:32:53] sql.INFO: [13.01] select * from `dic_word` limit 2000 offset 10000 [] []
[2020-06-30 11:32:53] sql.INFO: [9.47] select * from `dic_word` limit 2000 offset 10000 [] []
[2020-06-30 11:32:54] sql.INFO: [10.53] select * from `dic_word` limit 2000 offset 12000 [] []
[2020-06-30 11:32:54] sql.INFO: [10.27] select * from `dic_word` limit 2000 offset 12000 [] []
[2020-06-30 11:32:55] sql.INFO: [11.18] select * from `dic_word` limit 2000 offset 12000 [] []
[2020-06-30 11:32:55] sql.INFO: [11.76] select * from `dic_word` limit 2000 offset 12000 [] []
[2020-06-30 11:32:55] sql.INFO: [10.94] select * from `dic_word` limit 2000 offset 12000 [] []
[2020-06-30 11:32:55] sql.INFO: [10.59] select * from `dic_word` limit 2000 offset 12000 [] []
[2020-06-30 11:32:55] sql.INFO: [10.43] select * from `dic_word` limit 2000 offset 12000 [] []
[2020-06-30 11:32:55] sql.INFO: [9.39] select * from `dic_word` limit 2000 offset 12000 [] []
[2020-06-30 11:32:55] sql.INFO: [11.03] select * from `dic_word` limit 2000 offset 12000 [] []
[2020-06-30 11:32:55] sql.INFO: [12.39] select * from `dic_word` limit 2000 offset 12000 [] []
[2020-06-30 11:32:55] sql.INFO: [11.01] select * from `dic_word` limit 2000 offset 12000 [] []
[2020-06-30 11:32:55] sql.INFO: [11.33] select * from `dic_word` limit 2000 offset 12000 [] []
[2020-06-30 11:32:55] sql.INFO: [12.05] select * from `dic_word` limit 2000 offset 12000 [] []
[2020-06-30 11:32:55] sql.INFO: [11.99] select * from `dic_word` limit 2000 offset 12000 [] []
[2020-06-30 11:32:56] sql.INFO: [13.6] select * from `dic_word` limit 2000 offset 12000 [] []
[2020-06-30 11:32:56] sql.INFO: [11.94] select * from `dic_word` limit 2000 offset 12000 [] []
[2020-06-30 11:32:56] sql.INFO: [12.3] select * from `dic_word` limit 2000 offset 14000 [] []
[2020-06-30 11:32:57] sql.INFO: [11.84] select * from `dic_word` limit 2000 offset 14000 [] []
[2020-06-30 11:32:57] sql.INFO: [12.47] select * from `dic_word` limit 2000 offset 14000 [] []
[2020-06-30 11:32:57] sql.INFO: [12.47] select * from `dic_word` limit 2000 offset 14000 [] []
[2020-06-30 11:32:57] sql.INFO: [14.92] select * from `dic_word` limit 2000 offset 14000 [] []
[2020-06-30 11:32:57] sql.INFO: [16.69] select * from `dic_word` limit 2000 offset 14000 [] []
[2020-06-30 11:32:57] sql.INFO: [15.66] select * from `dic_word` limit 2000 offset 14000 [] []
[2020-06-30 11:32:57] sql.INFO: [15.64] select * from `dic_word` limit 2000 offset 14000 [] []
[2020-06-30 11:32:57] sql.INFO: [10.75] select * from `dic_word` limit 2000 offset 14000 [] []
[2020-06-30 11:32:57] sql.INFO: [10.31] select * from `dic_word` limit 2000 offset 14000 [] []
[2020-06-30 11:32:58] sql.INFO: [10.83] select * from `dic_word` limit 2000 offset 14000 [] []
[2020-06-30 11:32:58] sql.INFO: [10] select * from `dic_word` limit 2000 offset 14000 [] []
[2020-06-30 11:32:58] sql.INFO: [11.23] select * from `dic_word` limit 2000 offset 14000 [] []
[2020-06-30 11:32:58] sql.INFO: [12.09] select * from `dic_word` limit 2000 offset 14000 [] []
[2020-06-30 11:32:58] sql.INFO: [10.96] select * from `dic_word` limit 2000 offset 14000 [] []
[2020-06-30 11:32:58] sql.INFO: [10.09] select * from `dic_word` limit 2000 offset 14000 [] []
[2020-06-30 11:32:59] sql.INFO: [11.08] select * from `dic_word` limit 2000 offset 16000 [] []
[2020-06-30 11:32:59] sql.INFO: [12.45] select * from `dic_word` limit 2000 offset 16000 [] []
[2020-06-30 11:32:59] sql.INFO: [11.98] select * from `dic_word` limit 2000 offset 16000 [] []
[2020-06-30 11:32:59] sql.INFO: [11.54] select * from `dic_word` limit 2000 offset 16000 [] []
[2020-06-30 11:32:59] sql.INFO: [15.72] select * from `dic_word` limit 2000 offset 16000 [] []
[2020-06-30 11:32:59] sql.INFO: [13.41] select * from `dic_word` limit 2000 offset 16000 [] []
[2020-06-30 11:32:59] sql.INFO: [14.8] select * from `dic_word` limit 2000 offset 16000 [] []
[2020-06-30 11:32:59] sql.INFO: [12.49] select * from `dic_word` limit 2000 offset 16000 [] []
[2020-06-30 11:32:59] sql.INFO: [14.79] select * from `dic_word` limit 2000 offset 16000 [] []
[2020-06-30 11:32:59] sql.INFO: [14.3] select * from `dic_word` limit 2000 offset 16000 [] []
[2020-06-30 11:33:00] sql.INFO: [12.58] select * from `dic_word` limit 2000 offset 16000 [] []
[2020-06-30 11:33:00] sql.INFO: [12.51] select * from `dic_word` limit 2000 offset 16000 [] []
[2020-06-30 11:33:00] sql.INFO: [11.74] select * from `dic_word` limit 2000 offset 16000 [] []
[2020-06-30 11:33:00] sql.INFO: [11.81] select * from `dic_word` limit 2000 offset 16000 [] []
[2020-06-30 11:33:00] sql.INFO: [11.02] select * from `dic_word` limit 2000 offset 16000 [] []
[2020-06-30 11:33:00] sql.INFO: [12.71] select * from `dic_word` limit 2000 offset 16000 [] []
[2020-06-30 11:33:01] sql.INFO: [11.45] select * from `dic_word` limit 2000 offset 18000 [] []
[2020-06-30 11:33:01] sql.INFO: [11.47] select * from `dic_word` limit 2000 offset 18000 [] []
[2020-06-30 11:33:01] sql.INFO: [12.12] select * from `dic_word` limit 2000 offset 18000 [] []
[2020-06-30 11:33:01] sql.INFO: [12.07] select * from `dic_word` limit 2000 offset 18000 [] []
[2020-06-30 11:33:01] sql.INFO: [18.86] select * from `dic_word` limit 2000 offset 18000 [] []
[2020-06-30 11:33:01] sql.INFO: [16.66] select * from `dic_word` limit 2000 offset 18000 [] []
[2020-06-30 11:33:01] sql.INFO: [17.13] select * from `dic_word` limit 2000 offset 18000 [] []
[2020-06-30 11:33:01] sql.INFO: [13.2] select * from `dic_word` limit 2000 offset 18000 [] []
[2020-06-30 11:33:02] sql.INFO: [13.4] select * from `dic_word` limit 2000 offset 18000 [] []
[2020-06-30 11:33:02] sql.INFO: [12.57] select * from `dic_word` limit 2000 offset 18000 [] []
[2020-06-30 11:33:02] sql.INFO: [13.04] select * from `dic_word` limit 2000 offset 18000 [] []
[2020-06-30 11:33:02] sql.INFO: [12.86] select * from `dic_word` limit 2000 offset 18000 [] []
[2020-06-30 11:33:02] sql.INFO: [12.96] select * from `dic_word` limit 2000 offset 18000 [] []
[2020-06-30 11:33:02] sql.INFO: [13.77] select * from `dic_word` limit 2000 offset 18000 [] []
[2020-06-30 11:33:02] sql.INFO: [13.02] select * from `dic_word` limit 2000 offset 18000 [] []
[2020-06-30 11:33:02] sql.INFO: [11.95] select * from `dic_word` limit 2000 offset 18000 [] []
[2020-06-30 11:33:03] sql.INFO: [15.37] select * from `dic_word` limit 2000 offset 20000 [] []
[2020-06-30 11:33:03] sql.INFO: [13.65] select * from `dic_word` limit 2000 offset 20000 [] []
[2020-06-30 11:33:03] sql.INFO: [12.75] select * from `dic_word` limit 2000 offset 20000 [] []
[2020-06-30 11:33:03] sql.INFO: [20.48] select * from `dic_word` limit 2000 offset 20000 [] []
[2020-06-30 11:33:03] sql.INFO: [16.69] select * from `dic_word` limit 2000 offset 20000 [] []
[2020-06-30 11:33:04] sql.INFO: [15.4] select * from `dic_word` limit 2000 offset 20000 [] []
[2020-06-30 11:33:04] sql.INFO: [13.53] select * from `dic_word` limit 2000 offset 20000 [] []
[2020-06-30 11:33:04] sql.INFO: [15.26] select * from `dic_word` limit 2000 offset 20000 [] []
[2020-06-30 11:33:04] sql.INFO: [14.25] select * from `dic_word` limit 2000 offset 20000 [] []
[2020-06-30 11:33:04] sql.INFO: [12.81] select * from `dic_word` limit 2000 offset 20000 [] []
[2020-06-30 11:33:04] sql.INFO: [12.79] select * from `dic_word` limit 2000 offset 20000 [] []
[2020-06-30 11:33:04] sql.INFO: [19.37] select * from `dic_word` limit 2000 offset 20000 [] []
[2020-06-30 11:33:04] sql.INFO: [18.06] select * from `dic_word` limit 2000 offset 20000 [] []
[2020-06-30 11:33:04] sql.INFO: [15.43] select * from `dic_word` limit 2000 offset 20000 [] []
[2020-06-30 11:33:04] sql.INFO: [15.9] select * from `dic_word` limit 2000 offset 20000 [] []
[2020-06-30 11:33:04] sql.INFO: [13.96] select * from `dic_word` limit 2000 offset 20000 [] []
[2020-06-30 11:33:05] sql.INFO: [12.13] select * from `dic_word` limit 2000 offset 22000 [] []
[2020-06-30 11:33:05] sql.INFO: [12.34] select * from `dic_word` limit 2000 offset 22000 [] []
[2020-06-30 11:33:05] sql.INFO: [12.24] select * from `dic_word` limit 2000 offset 22000 [] []
[2020-06-30 11:33:06] sql.INFO: [13.87] select * from `dic_word` limit 2000 offset 22000 [] []
[2020-06-30 11:33:06] sql.INFO: [13.04] select * from `dic_word` limit 2000 offset 22000 [] []
[2020-06-30 11:33:06] sql.INFO: [13.99] select * from `dic_word` limit 2000 offset 22000 [] []
[2020-06-30 11:33:06] sql.INFO: [13.12] select * from `dic_word` limit 2000 offset 22000 [] []
[2020-06-30 11:33:06] sql.INFO: [13.48] select * from `dic_word` limit 2000 offset 22000 [] []
[2020-06-30 11:33:06] sql.INFO: [14.39] select * from `dic_word` limit 2000 offset 22000 [] []
[2020-06-30 11:33:06] sql.INFO: [14.93] select * from `dic_word` limit 2000 offset 22000 [] []
[2020-06-30 11:33:06] sql.INFO: [14.15] select * from `dic_word` limit 2000 offset 22000 [] []
[2020-06-30 11:33:06] sql.INFO: [17.97] select * from `dic_word` limit 2000 offset 22000 [] []
[2020-06-30 11:33:06] sql.INFO: [16.36] select * from `dic_word` limit 2000 offset 22000 [] []
[2020-06-30 11:33:06] sql.INFO: [13.43] select * from `dic_word` limit 2000 offset 22000 [] []
[2020-06-30 11:33:06] sql.INFO: [14.06] select * from `dic_word` limit 2000 offset 22000 [] []
[2020-06-30 11:33:06] sql.INFO: [16.13] select * from `dic_word` limit 2000 offset 22000 [] []
[2020-06-30 11:33:07] sql.INFO: [13.71] select * from `dic_word` limit 2000 offset 24000 [] []
[2020-06-30 11:33:07] sql.INFO: [14.24] select * from `dic_word` limit 2000 offset 24000 [] []
[2020-06-30 11:33:07] sql.INFO: [13.54] select * from `dic_word` limit 2000 offset 24000 [] []
[2020-06-30 11:33:08] sql.INFO: [15.88] select * from `dic_word` limit 2000 offset 24000 [] []
[2020-06-30 11:33:08] sql.INFO: [15.83] select * from `dic_word` limit 2000 offset 24000 [] []
[2020-06-30 11:33:08] sql.INFO: [16.41] select * from `dic_word` limit 2000 offset 24000 [] []
[2020-06-30 11:33:08] sql.INFO: [16.95] select * from `dic_word` limit 2000 offset 24000 [] []
[2020-06-30 11:33:08] sql.INFO: [17.64] select * from `dic_word` limit 2000 offset 24000 [] []
[2020-06-30 11:33:08] sql.INFO: [16.57] select * from `dic_word` limit 2000 offset 24000 [] []
[2020-06-30 11:33:08] sql.INFO: [14.64] select * from `dic_word` limit 2000 offset 24000 [] []
[2020-06-30 11:33:08] sql.INFO: [15.33] select * from `dic_word` limit 2000 offset 24000 [] []
[2020-06-30 11:33:08] sql.INFO: [15.38] select * from `dic_word` limit 2000 offset 24000 [] []
[2020-06-30 11:33:08] sql.INFO: [18.23] select * from `dic_word` limit 2000 offset 24000 [] []
[2020-06-30 11:33:08] sql.INFO: [15.86] select * from `dic_word` limit 2000 offset 24000 [] []
[2020-06-30 11:33:08] sql.INFO: [16.27] select * from `dic_word` limit 2000 offset 24000 [] []
[2020-06-30 11:33:09] sql.INFO: [14.02] select * from `dic_word` limit 2000 offset 24000 [] []
[2020-06-30 11:33:09] sql.INFO: [14.54] select * from `dic_word` limit 2000 offset 26000 [] []
[2020-06-30 11:33:10] sql.INFO: [16.43] select * from `dic_word` limit 2000 offset 26000 [] []
[2020-06-30 11:33:10] sql.INFO: [16.84] select * from `dic_word` limit 2000 offset 26000 [] []
[2020-06-30 11:33:10] sql.INFO: [16.27] select * from `dic_word` limit 2000 offset 26000 [] []
[2020-06-30 11:33:10] sql.INFO: [16.64] select * from `dic_word` limit 2000 offset 26000 [] []
[2020-06-30 11:33:10] sql.INFO: [18.2] select * from `dic_word` limit 2000 offset 26000 [] []
[2020-06-30 11:33:10] sql.INFO: [18.25] select * from `dic_word` limit 2000 offset 26000 [] []
[2020-06-30 11:33:10] sql.INFO: [15.94] select * from `dic_word` limit 2000 offset 26000 [] []
[2020-06-30 11:33:10] sql.INFO: [15.92] select * from `dic_word` limit 2000 offset 26000 [] []
[2020-06-30 11:33:10] sql.INFO: [15.37] select * from `dic_word` limit 2000 offset 26000 [] []
[2020-06-30 11:33:10] sql.INFO: [16.8] select * from `dic_word` limit 2000 offset 26000 [] []
[2020-06-30 11:33:10] sql.INFO: [16.31] select * from `dic_word` limit 2000 offset 26000 [] []
[2020-06-30 11:33:10] sql.INFO: [16.12] select * from `dic_word` limit 2000 offset 26000 [] []
[2020-06-30 11:33:10] sql.INFO: [15.15] select * from `dic_word` limit 2000 offset 26000 [] []
[2020-06-30 11:33:10] sql.INFO: [14.58] select * from `dic_word` limit 2000 offset 26000 [] []
[2020-06-30 11:33:11] sql.INFO: [15.59] select * from `dic_word` limit 2000 offset 26000 [] []
[2020-06-30 11:33:11] sql.INFO: [19.36] select * from `dic_word` limit 2000 offset 28000 [] []
[2020-06-30 11:33:12] sql.INFO: [18.04] select * from `dic_word` limit 2000 offset 28000 [] []
[2020-06-30 11:33:12] sql.INFO: [17.89] select * from `dic_word` limit 2000 offset 28000 [] []
[2020-06-30 11:33:12] sql.INFO: [15.85] select * from `dic_word` limit 2000 offset 28000 [] []
[2020-06-30 11:33:12] sql.INFO: [15.42] select * from `dic_word` limit 2000 offset 28000 [] []
[2020-06-30 11:33:12] sql.INFO: [16.09] select * from `dic_word` limit 2000 offset 28000 [] []
[2020-06-30 11:33:12] sql.INFO: [15.04] select * from `dic_word` limit 2000 offset 28000 [] []
[2020-06-30 11:33:12] sql.INFO: [15.3] select * from `dic_word` limit 2000 offset 28000 [] []
[2020-06-30 11:33:12] sql.INFO: [16.53] select * from `dic_word` limit 2000 offset 28000 [] []
[2020-06-30 11:33:12] sql.INFO: [16.11] select * from `dic_word` limit 2000 offset 28000 [] []
[2020-06-30 11:33:12] sql.INFO: [16.72] select * from `dic_word` limit 2000 offset 28000 [] []
[2020-06-30 11:33:12] sql.INFO: [17.5] select * from `dic_word` limit 2000 offset 28000 [] []
[2020-06-30 11:33:12] sql.INFO: [17.68] select * from `dic_word` limit 2000 offset 28000 [] []
[2020-06-30 11:33:13] sql.INFO: [18.48] select * from `dic_word` limit 2000 offset 28000 [] []
[2020-06-30 11:33:13] sql.INFO: [18.72] select * from `dic_word` limit 2000 offset 28000 [] []
[2020-06-30 11:33:13] sql.INFO: [18.09] select * from `dic_word` limit 2000 offset 28000 [] []
[2020-06-30 11:33:13] sql.INFO: [19.97] select * from `dic_word` limit 2000 offset 30000 [] []
[2020-06-30 11:33:14] sql.INFO: [18.65] select * from `dic_word` limit 2000 offset 30000 [] []
[2020-06-30 11:33:14] sql.INFO: [18.56] select * from `dic_word` limit 2000 offset 30000 [] []
[2020-06-30 11:33:14] sql.INFO: [22.99] select * from `dic_word` limit 2000 offset 30000 [] []
[2020-06-30 11:33:14] sql.INFO: [23.49] select * from `dic_word` limit 2000 offset 30000 [] []
[2020-06-30 11:33:14] sql.INFO: [26.54] select * from `dic_word` limit 2000 offset 30000 [] []
[2020-06-30 11:33:14] sql.INFO: [22.56] select * from `dic_word` limit 2000 offset 30000 [] []
[2020-06-30 11:33:14] sql.INFO: [23.28] select * from `dic_word` limit 2000 offset 30000 [] []
[2020-06-30 11:33:14] sql.INFO: [18.54] select * from `dic_word` limit 2000 offset 30000 [] []
[2020-06-30 11:33:14] sql.INFO: [18.69] select * from `dic_word` limit 2000 offset 30000 [] []
[2020-06-30 11:33:14] sql.INFO: [18.67] select * from `dic_word` limit 2000 offset 30000 [] []
[2020-06-30 11:33:14] sql.INFO: [21.05] select * from `dic_word` limit 2000 offset 30000 [] []
[2020-06-30 11:33:15] sql.INFO: [19.85] select * from `dic_word` limit 2000 offset 30000 [] []
[2020-06-30 11:33:15] sql.INFO: [18.62] select * from `dic_word` limit 2000 offset 30000 [] []
[2020-06-30 11:33:15] sql.INFO: [19.52] select * from `dic_word` limit 2000 offset 30000 [] []
[2020-06-30 11:33:15] sql.INFO: [28.97] select * from `dic_word` limit 2000 offset 30000 [] []
[2020-06-30 11:33:16] sql.INFO: [29.42] select * from `dic_word` limit 2000 offset 32000 [] []
[2020-06-30 11:33:16] sql.INFO: [28.17] select * from `dic_word` limit 2000 offset 32000 [] []
[2020-06-30 11:33:16] sql.INFO: [27.9] select * from `dic_word` limit 2000 offset 32000 [] []
[2020-06-30 11:33:16] sql.INFO: [24.11] select * from `dic_word` limit 2000 offset 32000 [] []
[2020-06-30 11:33:17] sql.INFO: [25.07] select * from `dic_word` limit 2000 offset 32000 [] []
[2020-06-30 11:33:17] sql.INFO: [26.03] select * from `dic_word` limit 2000 offset 32000 [] []
[2020-06-30 11:33:17] sql.INFO: [23.22] select * from `dic_word` limit 2000 offset 32000 [] []
[2020-06-30 11:33:17] sql.INFO: [16.75] select * from `dic_word` limit 2000 offset 32000 [] []
[2020-06-30 11:33:17] sql.INFO: [28.29] select * from `dic_word` limit 2000 offset 32000 [] []
[2020-06-30 11:33:17] sql.INFO: [29.44] select * from `dic_word` limit 2000 offset 32000 [] []
[2020-06-30 11:33:17] sql.INFO: [21.3] select * from `dic_word` limit 2000 offset 32000 [] []
[2020-06-30 11:33:17] sql.INFO: [18.69] select * from `dic_word` limit 2000 offset 32000 [] []
[2020-06-30 11:33:18] sql.INFO: [18.12] select * from `dic_word` limit 2000 offset 32000 [] []
[2020-06-30 11:33:18] sql.INFO: [21.57] select * from `dic_word` limit 2000 offset 32000 [] []
[2020-06-30 11:33:18] sql.INFO: [27.59] select * from `dic_word` limit 2000 offset 32000 [] []
[2020-06-30 11:33:18] sql.INFO: [26.32] select * from `dic_word` limit 2000 offset 32000 [] []
[2020-06-30 11:33:19] sql.INFO: [24.75] select * from `dic_word` limit 2000 offset 34000 [] []
[2020-06-30 11:33:19] sql.INFO: [19.95] select * from `dic_word` limit 2000 offset 34000 [] []
[2020-06-30 11:33:19] sql.INFO: [20.92] select * from `dic_word` limit 2000 offset 34000 [] []
[2020-06-30 11:33:19] sql.INFO: [23.09] select * from `dic_word` limit 2000 offset 34000 [] []
[2020-06-30 11:33:19] sql.INFO: [27.26] select * from `dic_word` limit 2000 offset 34000 [] []
[2020-06-30 11:33:19] sql.INFO: [25.94] select * from `dic_word` limit 2000 offset 34000 [] []
[2020-06-30 11:33:19] sql.INFO: [27.1] select * from `dic_word` limit 2000 offset 34000 [] []
[2020-06-30 11:33:19] sql.INFO: [20.53] select * from `dic_word` limit 2000 offset 34000 [] []
[2020-06-30 11:33:20] sql.INFO: [25.43] select * from `dic_word` limit 2000 offset 34000 [] []
[2020-06-30 11:33:20] sql.INFO: [28.81] select * from `dic_word` limit 2000 offset 34000 [] []
[2020-06-30 11:33:20] sql.INFO: [17.61] select * from `dic_word` limit 2000 offset 34000 [] []
[2020-06-30 11:33:20] sql.INFO: [17.72] select * from `dic_word` limit 2000 offset 34000 [] []
[2020-06-30 11:33:20] sql.INFO: [16.35] select * from `dic_word` limit 2000 offset 34000 [] []
[2020-06-30 11:33:20] sql.INFO: [18.87] select * from `dic_word` limit 2000 offset 34000 [] []
[2020-06-30 11:33:20] sql.INFO: [24.95] select * from `dic_word` limit 2000 offset 34000 [] []
[2020-06-30 11:33:20] sql.INFO: [27.59] select * from `dic_word` limit 2000 offset 34000 [] []
[2020-06-30 11:33:21] sql.INFO: [21.29] select * from `dic_word` limit 2000 offset 36000 [] []
[2020-06-30 11:33:21] sql.INFO: [23.29] select * from `dic_word` limit 2000 offset 36000 [] []
[2020-06-30 11:33:21] sql.INFO: [22.04] select * from `dic_word` limit 2000 offset 36000 [] []
[2020-06-30 11:33:21] sql.INFO: [23.25] select * from `dic_word` limit 2000 offset 36000 [] []
[2020-06-30 11:33:21] sql.INFO: [24.61] select * from `dic_word` limit 2000 offset 36000 [] []
[2020-06-30 11:33:22] sql.INFO: [25.59] select * from `dic_word` limit 2000 offset 36000 [] []
[2020-06-30 11:33:22] sql.INFO: [24.93] select * from `dic_word` limit 2000 offset 36000 [] []
[2020-06-30 11:33:22] sql.INFO: [21.01] select * from `dic_word` limit 2000 offset 36000 [] []
[2020-06-30 11:33:22] sql.INFO: [23.3] select * from `dic_word` limit 2000 offset 36000 [] []
[2020-06-30 11:33:22] sql.INFO: [23.34] select * from `dic_word` limit 2000 offset 36000 [] []
[2020-06-30 11:33:22] sql.INFO: [24.78] select * from `dic_word` limit 2000 offset 36000 [] []
[2020-06-30 11:33:22] sql.INFO: [25.31] select * from `dic_word` limit 2000 offset 36000 [] []
[2020-06-30 11:33:23] sql.INFO: [18.78] select * from `dic_word` limit 2000 offset 36000 [] []
[2020-06-30 11:33:23] sql.INFO: [19.55] select * from `dic_word` limit 2000 offset 36000 [] []
[2020-06-30 11:33:23] sql.INFO: [22.81] select * from `dic_word` limit 2000 offset 36000 [] []
[2020-06-30 11:33:23] sql.INFO: [23.26] select * from `dic_word` limit 2000 offset 36000 [] []
[2020-06-30 11:33:23] sql.INFO: [23.78] select * from `dic_word` limit 2000 offset 38000 [] []
[2020-06-30 11:33:23] sql.INFO: [23.59] select * from `dic_word` limit 2000 offset 38000 [] []
[2020-06-30 11:33:24] sql.INFO: [21.4] select * from `dic_word` limit 2000 offset 38000 [] []
[2020-06-30 11:33:24] sql.INFO: [21.92] select * from `dic_word` limit 2000 offset 38000 [] []
[2020-06-30 11:33:24] sql.INFO: [21.71] select * from `dic_word` limit 2000 offset 38000 [] []
[2020-06-30 11:33:24] sql.INFO: [21.57] select * from `dic_word` limit 2000 offset 38000 [] []
[2020-06-30 11:33:24] sql.INFO: [22.38] select * from `dic_word` limit 2000 offset 38000 [] []
[2020-06-30 11:33:24] sql.INFO: [20.75] select * from `dic_word` limit 2000 offset 38000 [] []
[2020-06-30 11:33:24] sql.INFO: [23.25] select * from `dic_word` limit 2000 offset 38000 [] []
[2020-06-30 11:33:24] sql.INFO: [23.29] select * from `dic_word` limit 2000 offset 38000 [] []
[2020-06-30 11:33:24] sql.INFO: [23.62] select * from `dic_word` limit 2000 offset 38000 [] []
[2020-06-30 11:33:24] sql.INFO: [21.96] select * from `dic_word` limit 2000 offset 38000 [] []
[2020-06-30 11:33:25] sql.INFO: [22.59] select * from `dic_word` limit 2000 offset 38000 [] []
[2020-06-30 11:33:25] sql.INFO: [22.72] select * from `dic_word` limit 2000 offset 38000 [] []
[2020-06-30 11:33:25] sql.INFO: [22.9] select * from `dic_word` limit 2000 offset 38000 [] []
[2020-06-30 11:33:25] sql.INFO: [21.25] select * from `dic_word` limit 2000 offset 38000 [] []
[2020-06-30 11:33:26] sql.INFO: [23.07] select * from `dic_word` limit 2000 offset 40000 [] []
[2020-06-30 11:33:26] sql.INFO: [23.4] select * from `dic_word` limit 2000 offset 40000 [] []
[2020-06-30 11:33:26] sql.INFO: [22.5] select * from `dic_word` limit 2000 offset 40000 [] []
[2020-06-30 11:33:26] sql.INFO: [24.52] select * from `dic_word` limit 2000 offset 40000 [] []
[2020-06-30 11:33:26] sql.INFO: [23.73] select * from `dic_word` limit 2000 offset 40000 [] []
[2020-06-30 11:33:26] sql.INFO: [22.95] select * from `dic_word` limit 2000 offset 40000 [] []
[2020-06-30 11:33:26] sql.INFO: [20.67] select * from `dic_word` limit 2000 offset 40000 [] []
[2020-06-30 11:33:27] sql.INFO: [21.61] select * from `dic_word` limit 2000 offset 40000 [] []
[2020-06-30 11:33:27] sql.INFO: [24.66] select * from `dic_word` limit 2000 offset 40000 [] []
[2020-06-30 11:33:27] sql.INFO: [24.79] select * from `dic_word` limit 2000 offset 40000 [] []
[2020-06-30 11:33:27] sql.INFO: [22.09] select * from `dic_word` limit 2000 offset 40000 [] []
[2020-06-30 11:33:27] sql.INFO: [20.67] select * from `dic_word` limit 2000 offset 40000 [] []
[2020-06-30 11:33:27] sql.INFO: [23.32] select * from `dic_word` limit 2000 offset 40000 [] []
[2020-06-30 11:33:27] sql.INFO: [23.64] select * from `dic_word` limit 2000 offset 40000 [] []
[2020-06-30 11:33:27] sql.INFO: [23.66] select * from `dic_word` limit 2000 offset 40000 [] []
[2020-06-30 11:33:27] sql.INFO: [18.93] select * from `dic_word` limit 2000 offset 40000 [] []
[2020-06-30 11:33:28] sql.INFO: [20.45] select * from `dic_word` limit 2000 offset 42000 [] []
[2020-06-30 11:33:28] sql.INFO: [19.91] select * from `dic_word` limit 2000 offset 42000 [] []
[2020-06-30 11:33:28] sql.INFO: [22.89] select * from `dic_word` limit 2000 offset 42000 [] []
[2020-06-30 11:33:28] sql.INFO: [25.94] select * from `dic_word` limit 2000 offset 42000 [] []
[2020-06-30 11:33:28] sql.INFO: [26.09] select * from `dic_word` limit 2000 offset 42000 [] []
[2020-06-30 11:33:29] sql.INFO: [24.03] select * from `dic_word` limit 2000 offset 42000 [] []
[2020-06-30 11:33:29] sql.INFO: [32.36] select * from `dic_word` limit 2000 offset 42000 [] []
[2020-06-30 11:33:29] sql.INFO: [29.32] select * from `dic_word` limit 2000 offset 42000 [] []
[2020-06-30 11:33:29] sql.INFO: [28.63] select * from `dic_word` limit 2000 offset 42000 [] []
[2020-06-30 11:33:29] sql.INFO: [26.07] select * from `dic_word` limit 2000 offset 42000 [] []
[2020-06-30 11:33:29] sql.INFO: [23.38] select * from `dic_word` limit 2000 offset 42000 [] []
[2020-06-30 11:33:29] sql.INFO: [22.99] select * from `dic_word` limit 2000 offset 42000 [] []
[2020-06-30 11:33:29] sql.INFO: [25.03] select * from `dic_word` limit 2000 offset 42000 [] []
[2020-06-30 11:33:29] sql.INFO: [23.77] select * from `dic_word` limit 2000 offset 42000 [] []
[2020-06-30 11:33:30] sql.INFO: [22.69] select * from `dic_word` limit 2000 offset 42000 [] []
[2020-06-30 11:33:30] sql.INFO: [23.85] select * from `dic_word` limit 2000 offset 42000 [] []
[2020-06-30 11:33:30] sql.INFO: [30.21] select * from `dic_word` limit 2000 offset 44000 [] []
[2020-06-30 11:33:30] sql.INFO: [30.17] select * from `dic_word` limit 2000 offset 44000 [] []
[2020-06-30 11:33:30] sql.INFO: [25.49] select * from `dic_word` limit 2000 offset 44000 [] []
[2020-06-30 11:33:31] sql.INFO: [23.7] select * from `dic_word` limit 2000 offset 44000 [] []
[2020-06-30 11:33:31] sql.INFO: [25.27] select * from `dic_word` limit 2000 offset 44000 [] []
[2020-06-30 11:33:31] sql.INFO: [22.33] select * from `dic_word` limit 2000 offset 44000 [] []
[2020-06-30 11:33:31] sql.INFO: [23.55] select * from `dic_word` limit 2000 offset 44000 [] []
[2020-06-30 11:33:31] sql.INFO: [24.46] select * from `dic_word` limit 2000 offset 44000 [] []
[2020-06-30 11:33:31] sql.INFO: [25.35] select * from `dic_word` limit 2000 offset 44000 [] []
[2020-06-30 11:33:31] sql.INFO: [24.02] select * from `dic_word` limit 2000 offset 44000 [] []
[2020-06-30 11:33:31] sql.INFO: [23.14] select * from `dic_word` limit 2000 offset 44000 [] []
[2020-06-30 11:33:31] sql.INFO: [22.9] select * from `dic_word` limit 2000 offset 44000 [] []
[2020-06-30 11:33:31] sql.INFO: [23] select * from `dic_word` limit 2000 offset 44000 [] []
[2020-06-30 11:33:31] sql.INFO: [25.01] select * from `dic_word` limit 2000 offset 44000 [] []
[2020-06-30 11:33:32] sql.INFO: [21.92] select * from `dic_word` limit 2000 offset 44000 [] []
[2020-06-30 11:33:32] sql.INFO: [21.84] select * from `dic_word` limit 2000 offset 44000 [] []
[2020-06-30 11:33:32] sql.INFO: [22.5] select * from `dic_word` limit 2000 offset 46000 [] []
[2020-06-30 11:33:33] sql.INFO: [21.72] select * from `dic_word` limit 2000 offset 46000 [] []
[2020-06-30 11:33:33] sql.INFO: [21.22] select * from `dic_word` limit 2000 offset 46000 [] []
[2020-06-30 11:33:33] sql.INFO: [21.47] select * from `dic_word` limit 2000 offset 46000 [] []
[2020-06-30 11:33:33] sql.INFO: [22.44] select * from `dic_word` limit 2000 offset 46000 [] []
[2020-06-30 11:33:33] sql.INFO: [24.08] select * from `dic_word` limit 2000 offset 46000 [] []
[2020-06-30 11:33:33] sql.INFO: [24.03] select * from `dic_word` limit 2000 offset 46000 [] []
[2020-06-30 11:33:33] sql.INFO: [24.23] select * from `dic_word` limit 2000 offset 46000 [] []
[2020-06-30 11:33:33] sql.INFO: [23.93] select * from `dic_word` limit 2000 offset 46000 [] []
[2020-06-30 11:33:33] sql.INFO: [23.5] select * from `dic_word` limit 2000 offset 46000 [] []
[2020-06-30 11:33:34] sql.INFO: [22.25] select * from `dic_word` limit 2000 offset 46000 [] []
[2020-06-30 11:33:34] sql.INFO: [20.13] select * from `dic_word` limit 2000 offset 46000 [] []
[2020-06-30 11:33:34] sql.INFO: [21.78] select * from `dic_word` limit 2000 offset 46000 [] []
[2020-06-30 11:33:34] sql.INFO: [21.74] select * from `dic_word` limit 2000 offset 46000 [] []
[2020-06-30 11:33:34] sql.INFO: [21.61] select * from `dic_word` limit 2000 offset 46000 [] []
[2020-06-30 11:33:34] sql.INFO: [23.31] select * from `dic_word` limit 2000 offset 46000 [] []
[2020-06-30 11:33:35] sql.INFO: [25.43] select * from `dic_word` limit 2000 offset 48000 [] []
[2020-06-30 11:33:35] sql.INFO: [27.99] select * from `dic_word` limit 2000 offset 48000 [] []
[2020-06-30 11:33:35] sql.INFO: [23.89] select * from `dic_word` limit 2000 offset 48000 [] []
[2020-06-30 11:33:35] sql.INFO: [24] select * from `dic_word` limit 2000 offset 48000 [] []
[2020-06-30 11:33:35] sql.INFO: [25] select * from `dic_word` limit 2000 offset 48000 [] []
[2020-06-30 11:33:36] sql.INFO: [25.45] select * from `dic_word` limit 2000 offset 48000 [] []
[2020-06-30 11:33:36] sql.INFO: [23.99] select * from `dic_word` limit 2000 offset 48000 [] []
[2020-06-30 11:33:36] sql.INFO: [24.81] select * from `dic_word` limit 2000 offset 48000 [] []
[2020-06-30 11:33:36] sql.INFO: [28.95] select * from `dic_word` limit 2000 offset 48000 [] []
[2020-06-30 11:33:36] sql.INFO: [28.97] select * from `dic_word` limit 2000 offset 48000 [] []
[2020-06-30 11:33:36] sql.INFO: [25.82] select * from `dic_word` limit 2000 offset 48000 [] []
[2020-06-30 11:33:36] sql.INFO: [26.39] select * from `dic_word` limit 2000 offset 48000 [] []
[2020-06-30 11:33:36] sql.INFO: [25.9] select * from `dic_word` limit 2000 offset 48000 [] []
[2020-06-30 11:33:36] sql.INFO: [27.13] select * from `dic_word` limit 2000 offset 48000 [] []
[2020-06-30 11:33:37] sql.INFO: [31.83] select * from `dic_word` limit 2000 offset 48000 [] []
[2020-06-30 11:33:37] sql.INFO: [33.53] select * from `dic_word` limit 2000 offset 48000 [] []
[2020-06-30 11:33:37] sql.INFO: [28.98] select * from `dic_word` limit 2000 offset 50000 [] []
[2020-06-30 11:33:37] sql.INFO: [28.09] select * from `dic_word` limit 2000 offset 50000 [] []
[2020-06-30 11:33:37] sql.INFO: [27.76] select * from `dic_word` limit 2000 offset 50000 [] []
[2020-06-30 11:33:38] sql.INFO: [27.07] select * from `dic_word` limit 2000 offset 50000 [] []
[2020-06-30 11:33:38] sql.INFO: [20.75] select * from `dic_word` limit 2000 offset 50000 [] []
[2020-06-30 11:33:38] sql.INFO: [32.2] select * from `dic_word` limit 2000 offset 50000 [] []
[2020-06-30 11:33:38] sql.INFO: [29.37] select * from `dic_word` limit 2000 offset 50000 [] []
[2020-06-30 11:33:38] sql.INFO: [31.06] select * from `dic_word` limit 2000 offset 50000 [] []
[2020-06-30 11:33:38] sql.INFO: [27.76] select * from `dic_word` limit 2000 offset 50000 [] []
[2020-06-30 11:33:38] sql.INFO: [26.24] select * from `dic_word` limit 2000 offset 50000 [] []
[2020-06-30 11:33:38] sql.INFO: [25.54] select * from `dic_word` limit 2000 offset 50000 [] []
[2020-06-30 11:33:39] sql.INFO: [26.62] select * from `dic_word` limit 2000 offset 50000 [] []
[2020-06-30 11:33:39] sql.INFO: [26.24] select * from `dic_word` limit 2000 offset 50000 [] []
[2020-06-30 11:33:39] sql.INFO: [26.94] select * from `dic_word` limit 2000 offset 50000 [] []
[2020-06-30 11:33:39] sql.INFO: [26.54] select * from `dic_word` limit 2000 offset 50000 [] []
[2020-06-30 11:33:39] sql.INFO: [27.7] select * from `dic_word` limit 2000 offset 50000 [] []
[2020-06-30 11:33:40] sql.INFO: [33.69] select * from `dic_word` limit 2000 offset 52000 [] []
[2020-06-30 11:33:40] sql.INFO: [29.9] select * from `dic_word` limit 2000 offset 52000 [] []
[2020-06-30 11:33:40] sql.INFO: [28.06] select * from `dic_word` limit 2000 offset 52000 [] []
[2020-06-30 11:33:40] sql.INFO: [28.97] select * from `dic_word` limit 2000 offset 52000 [] []
[2020-06-30 11:33:40] sql.INFO: [30.14] select * from `dic_word` limit 2000 offset 52000 [] []
[2020-06-30 11:33:40] sql.INFO: [27.48] select * from `dic_word` limit 2000 offset 52000 [] []
[2020-06-30 11:33:40] sql.INFO: [28.29] select * from `dic_word` limit 2000 offset 52000 [] []
[2020-06-30 11:33:40] sql.INFO: [30.02] select * from `dic_word` limit 2000 offset 52000 [] []
[2020-06-30 11:33:41] sql.INFO: [26.21] select * from `dic_word` limit 2000 offset 52000 [] []
[2020-06-30 11:33:41] sql.INFO: [25.17] select * from `dic_word` limit 2000 offset 52000 [] []
[2020-06-30 11:33:41] sql.INFO: [30.01] select * from `dic_word` limit 2000 offset 52000 [] []
[2020-06-30 11:33:41] sql.INFO: [28.59] select * from `dic_word` limit 2000 offset 52000 [] []
[2020-06-30 11:33:41] sql.INFO: [28.14] select * from `dic_word` limit 2000 offset 52000 [] []
[2020-06-30 11:33:41] sql.INFO: [27.34] select * from `dic_word` limit 2000 offset 52000 [] []
[2020-06-30 11:33:41] sql.INFO: [26.91] select * from `dic_word` limit 2000 offset 52000 [] []
[2020-06-30 11:33:41] sql.INFO: [28] select * from `dic_word` limit 2000 offset 52000 [] []
[2020-06-30 11:33:42] sql.INFO: [25.59] select * from `dic_word` limit 2000 offset 54000 [] []
[2020-06-30 11:33:42] sql.INFO: [29.34] select * from `dic_word` limit 2000 offset 54000 [] []
[2020-06-30 11:33:42] sql.INFO: [28.27] select * from `dic_word` limit 2000 offset 54000 [] []
[2020-06-30 11:33:42] sql.INFO: [29.46] select * from `dic_word` limit 2000 offset 54000 [] []
[2020-06-30 11:33:43] sql.INFO: [30.23] select * from `dic_word` limit 2000 offset 54000 [] []
[2020-06-30 11:33:43] sql.INFO: [31.28] select * from `dic_word` limit 2000 offset 54000 [] []
[2020-06-30 11:33:43] sql.INFO: [31.9] select * from `dic_word` limit 2000 offset 54000 [] []
[2020-06-30 11:33:43] sql.INFO: [29.1] select * from `dic_word` limit 2000 offset 54000 [] []
[2020-06-30 11:33:43] sql.INFO: [28.82] select * from `dic_word` limit 2000 offset 54000 [] []
[2020-06-30 11:33:43] sql.INFO: [28.07] select * from `dic_word` limit 2000 offset 54000 [] []
[2020-06-30 11:33:43] sql.INFO: [29.18] select * from `dic_word` limit 2000 offset 54000 [] []
[2020-06-30 11:33:43] sql.INFO: [29.81] select * from `dic_word` limit 2000 offset 54000 [] []
[2020-06-30 11:33:43] sql.INFO: [30.88] select * from `dic_word` limit 2000 offset 54000 [] []
[2020-06-30 11:33:44] sql.INFO: [30.54] select * from `dic_word` limit 2000 offset 54000 [] []
[2020-06-30 11:33:44] sql.INFO: [30.32] select * from `dic_word` limit 2000 offset 54000 [] []
[2020-06-30 11:33:44] sql.INFO: [30.79] select * from `dic_word` limit 2000 offset 54000 [] []
[2020-06-30 11:33:44] sql.INFO: [30.25] select * from `dic_word` limit 2000 offset 56000 [] []
[2020-06-30 11:33:44] sql.INFO: [31.11] select * from `dic_word` limit 2000 offset 56000 [] []
[2020-06-30 11:33:44] sql.INFO: [28.97] select * from `dic_word` limit 2000 offset 56000 [] []
[2020-06-30 11:33:45] sql.INFO: [31.18] select * from `dic_word` limit 2000 offset 56000 [] []
[2020-06-30 11:33:45] sql.INFO: [31.53] select * from `dic_word` limit 2000 offset 56000 [] []
[2020-06-30 11:33:45] sql.INFO: [30.11] select * from `dic_word` limit 2000 offset 56000 [] []
[2020-06-30 11:33:45] sql.INFO: [31.64] select * from `dic_word` limit 2000 offset 56000 [] []
[2020-06-30 11:33:45] sql.INFO: [30.9] select * from `dic_word` limit 2000 offset 56000 [] []
[2020-06-30 11:33:45] sql.INFO: [29.43] select * from `dic_word` limit 2000 offset 56000 [] []
[2020-06-30 11:33:45] sql.INFO: [28.67] select * from `dic_word` limit 2000 offset 56000 [] []
[2020-06-30 11:33:46] sql.INFO: [26.88] select * from `dic_word` limit 2000 offset 56000 [] []
[2020-06-30 11:33:46] sql.INFO: [29.69] select * from `dic_word` limit 2000 offset 56000 [] []
[2020-06-30 11:33:46] sql.INFO: [31.24] select * from `dic_word` limit 2000 offset 56000 [] []
[2020-06-30 11:33:46] sql.INFO: [28.96] select * from `dic_word` limit 2000 offset 56000 [] []
[2020-06-30 11:33:46] sql.INFO: [29.5] select * from `dic_word` limit 2000 offset 56000 [] []
[2020-06-30 11:33:46] sql.INFO: [29.65] select * from `dic_word` limit 2000 offset 56000 [] []
[2020-06-30 11:33:46] sql.INFO: [31.15] select * from `dic_word` limit 2000 offset 58000 [] []
[2020-06-30 11:33:47] sql.INFO: [36.94] select * from `dic_word` limit 2000 offset 58000 [] []
[2020-06-30 11:33:48] sql.INFO: [29.87] select * from `dic_word` limit 2000 offset 58000 [] []
[2020-06-30 11:33:48] sql.INFO: [32.97] select * from `dic_word` limit 2000 offset 58000 [] []
[2020-06-30 11:33:48] sql.INFO: [34.66] select * from `dic_word` limit 2000 offset 58000 [] []
[2020-06-30 11:33:49] sql.INFO: [28.48] select * from `dic_word` limit 2000 offset 58000 [] []
[2020-06-30 11:33:50] sql.INFO: [32.95] select * from `dic_word` limit 2000 offset 58000 [] []
[2020-06-30 11:33:50] sql.INFO: [32.91] select * from `dic_word` limit 2000 offset 58000 [] []
[2020-06-30 11:33:52] sql.INFO: [36.64] select * from `dic_word` limit 2000 offset 58000 [] []
[2020-06-30 11:33:53] sql.INFO: [34.92] select * from `dic_word` limit 2000 offset 58000 [] []
[2020-06-30 11:33:54] sql.INFO: [37.76] select * from `dic_word` limit 2000 offset 58000 [] []
[2020-06-30 11:33:54] sql.INFO: [33.55] select * from `dic_word` limit 2000 offset 58000 [] []
[2020-06-30 11:33:54] sql.INFO: [33.41] select * from `dic_word` limit 2000 offset 58000 [] []
[2020-06-30 11:33:55] sql.INFO: [35.87] select * from `dic_word` limit 2000 offset 58000 [] []
[2020-06-30 11:33:55] sql.INFO: [37.41] select * from `dic_word` limit 2000 offset 58000 [] []
[2020-06-30 11:33:56] sql.INFO: [32.16] select * from `dic_word` limit 2000 offset 58000 [] []
[2020-06-30 11:33:56] sql.INFO: [35.54] select * from `dic_word` limit 2000 offset 60000 [] []
[2020-06-30 11:33:58] sql.INFO: [36.91] select * from `dic_word` limit 2000 offset 60000 [] []
[2020-06-30 11:33:59] sql.INFO: [36.95] select * from `dic_word` limit 2000 offset 60000 [] []
[2020-06-30 11:33:59] sql.INFO: [30.5] select * from `dic_word` limit 2000 offset 60000 [] []
[2020-06-30 11:33:59] sql.INFO: [33.07] select * from `dic_word` limit 2000 offset 60000 [] []
[2020-06-30 11:34:00] sql.INFO: [33.71] select * from `dic_word` limit 2000 offset 60000 [] []
[2020-06-30 11:34:02] sql.INFO: [38.2] select * from `dic_word` limit 2000 offset 60000 [] []
[2020-06-30 11:34:02] sql.INFO: [37.82] select * from `dic_word` limit 2000 offset 60000 [] []
[2020-06-30 11:34:03] sql.INFO: [36.12] select * from `dic_word` limit 2000 offset 60000 [] []
[2020-06-30 11:34:04] sql.INFO: [32.53] select * from `dic_word` limit 2000 offset 60000 [] []
[2020-06-30 11:34:05] sql.INFO: [35.03] select * from `dic_word` limit 2000 offset 60000 [] []
[2020-06-30 11:34:05] sql.INFO: [34.8] select * from `dic_word` limit 2000 offset 60000 [] []
[2020-06-30 11:34:05] sql.INFO: [35.5] select * from `dic_word` limit 2000 offset 60000 [] []
[2020-06-30 11:34:06] sql.INFO: [37.77] select * from `dic_word` limit 2000 offset 60000 [] []
[2020-06-30 11:34:06] sql.INFO: [30.02] select * from `dic_word` limit 2000 offset 60000 [] []
[2020-06-30 11:34:07] sql.INFO: [37.26] select * from `dic_word` limit 2000 offset 60000 [] []
[2020-06-30 11:34:08] sql.INFO: [36.25] select * from `dic_word` limit 2000 offset 62000 [] []
[2020-06-30 11:34:09] sql.INFO: [35.06] select * from `dic_word` limit 2000 offset 62000 [] []
[2020-06-30 11:34:10] sql.INFO: [37.62] select * from `dic_word` limit 2000 offset 62000 [] []
[2020-06-30 11:34:10] sql.INFO: [35.49] select * from `dic_word` limit 2000 offset 62000 [] []
[2020-06-30 11:34:10] sql.INFO: [38.27] select * from `dic_word` limit 2000 offset 62000 [] []
[2020-06-30 11:34:11] sql.INFO: [37.85] select * from `dic_word` limit 2000 offset 62000 [] []
[2020-06-30 11:34:12] sql.INFO: [32.46] select * from `dic_word` limit 2000 offset 62000 [] []
[2020-06-30 11:34:12] sql.INFO: [34.77] select * from `dic_word` limit 2000 offset 62000 [] []
[2020-06-30 11:34:14] sql.INFO: [29.28] select * from `dic_word` limit 2000 offset 62000 [] []
[2020-06-30 11:34:15] sql.INFO: [37.59] select * from `dic_word` limit 2000 offset 62000 [] []
[2020-06-30 11:34:16] sql.INFO: [33.82] select * from `dic_word` limit 2000 offset 62000 [] []
[2020-06-30 11:34:16] sql.INFO: [37.92] select * from `dic_word` limit 2000 offset 62000 [] []
[2020-06-30 11:34:16] sql.INFO: [33.2] select * from `dic_word` limit 2000 offset 62000 [] []
[2020-06-30 11:34:17] sql.INFO: [36.7] select * from `dic_word` limit 2000 offset 62000 [] []
[2020-06-30 11:34:17] sql.INFO: [34.05] select * from `dic_word` limit 2000 offset 62000 [] []
[2020-06-30 11:34:18] sql.INFO: [36.66] select * from `dic_word` limit 2000 offset 62000 [] []
[2020-06-30 11:34:18] sql.INFO: [24.15] select * from `dic_word` limit 2000 offset 64000 [] []
[2020-06-30 11:34:20] sql.INFO: [32.72] select * from `dic_word` limit 2000 offset 64000 [] []
[2020-06-30 11:34:20] sql.INFO: [36.69] select * from `dic_word` limit 2000 offset 64000 [] []
[2020-06-30 11:34:21] sql.INFO: [39.78] select * from `dic_word` limit 2000 offset 64000 [] []
[2020-06-30 11:34:21] sql.INFO: [39.83] select * from `dic_word` limit 2000 offset 64000 [] []
[2020-06-30 11:34:22] sql.INFO: [37.11] select * from `dic_word` limit 2000 offset 64000 [] []
[2020-06-30 11:34:23] sql.INFO: [37.12] select * from `dic_word` limit 2000 offset 64000 [] []
[2020-06-30 11:34:23] sql.INFO: [36.37] select * from `dic_word` limit 2000 offset 64000 [] []
[2020-06-30 11:34:24] sql.INFO: [35.06] select * from `dic_word` limit 2000 offset 64000 [] []
[2020-06-30 11:34:26] sql.INFO: [33.51] select * from `dic_word` limit 2000 offset 64000 [] []
[2020-06-30 11:34:26] sql.INFO: [32.91] select * from `dic_word` limit 2000 offset 64000 [] []
[2020-06-30 11:34:26] sql.INFO: [32.76] select * from `dic_word` limit 2000 offset 64000 [] []
[2020-06-30 11:34:27] sql.INFO: [39.05] select * from `dic_word` limit 2000 offset 64000 [] []
[2020-06-30 11:34:27] sql.INFO: [36.89] select * from `dic_word` limit 2000 offset 64000 [] []
[2020-06-30 11:34:28] sql.INFO: [29.34] select * from `dic_word` limit 2000 offset 64000 [] []
[2020-06-30 11:34:29] sql.INFO: [27.99] select * from `dic_word` limit 2000 offset 64000 [] []
[2020-06-30 11:34:29] sql.INFO: [36.32] select * from `dic_word` limit 2000 offset 66000 [] []
[2020-06-30 11:34:31] sql.INFO: [38.75] select * from `dic_word` limit 2000 offset 66000 [] []
[2020-06-30 11:34:31] sql.INFO: [34.97] select * from `dic_word` limit 2000 offset 66000 [] []
[2020-06-30 11:34:32] sql.INFO: [31.13] select * from `dic_word` limit 2000 offset 66000 [] []
[2020-06-30 11:34:32] sql.INFO: [34.54] select * from `dic_word` limit 2000 offset 66000 [] []
[2020-06-30 11:34:33] sql.INFO: [40.68] select * from `dic_word` limit 2000 offset 66000 [] []
[2020-06-30 11:34:34] sql.INFO: [37.05] select * from `dic_word` limit 2000 offset 66000 [] []
[2020-06-30 11:34:34] sql.INFO: [39.54] select * from `dic_word` limit 2000 offset 66000 [] []
[2020-06-30 11:34:35] sql.INFO: [39.16] select * from `dic_word` limit 2000 offset 66000 [] []
[2020-06-30 11:34:37] sql.INFO: [32.03] select * from `dic_word` limit 2000 offset 66000 [] []
[2020-06-30 11:34:37] sql.INFO: [36.26] select * from `dic_word` limit 2000 offset 66000 [] []
[2020-06-30 11:34:37] sql.INFO: [36.23] select * from `dic_word` limit 2000 offset 66000 [] []
[2020-06-30 11:34:37] sql.INFO: [36.11] select * from `dic_word` limit 2000 offset 66000 [] []
[2020-06-30 11:34:38] sql.INFO: [34.92] select * from `dic_word` limit 2000 offset 66000 [] []
[2020-06-30 11:34:39] sql.INFO: [36.06] select * from `dic_word` limit 2000 offset 66000 [] []
[2020-06-30 11:34:40] sql.INFO: [38.28] select * from `dic_word` limit 2000 offset 66000 [] []
[2020-06-30 11:34:40] sql.INFO: [39.5] select * from `dic_word` limit 2000 offset 68000 [] []
[2020-06-30 11:34:42] sql.INFO: [39.89] select * from `dic_word` limit 2000 offset 68000 [] []
[2020-06-30 11:34:42] sql.INFO: [39.44] select * from `dic_word` limit 2000 offset 68000 [] []
[2020-06-30 11:34:43] sql.INFO: [40.6] select * from `dic_word` limit 2000 offset 68000 [] []
[2020-06-30 11:34:43] sql.INFO: [34.7] select * from `dic_word` limit 2000 offset 68000 [] []
[2020-06-30 11:34:44] sql.INFO: [39.75] select * from `dic_word` limit 2000 offset 68000 [] []
[2020-06-30 11:34:45] sql.INFO: [41.06] select * from `dic_word` limit 2000 offset 68000 [] []
[2020-06-30 11:34:45] sql.INFO: [34.75] select * from `dic_word` limit 2000 offset 68000 [] []
[2020-06-30 11:34:46] sql.INFO: [36.03] select * from `dic_word` limit 2000 offset 68000 [] []
[2020-06-30 11:34:48] sql.INFO: [38.47] select * from `dic_word` limit 2000 offset 68000 [] []
[2020-06-30 11:34:48] sql.INFO: [38.69] select * from `dic_word` limit 2000 offset 68000 [] []
[2020-06-30 11:34:48] sql.INFO: [35.09] select * from `dic_word` limit 2000 offset 68000 [] []
[2020-06-30 11:34:48] sql.INFO: [38.43] select * from `dic_word` limit 2000 offset 68000 [] []
[2020-06-30 11:34:49] sql.INFO: [36.88] select * from `dic_word` limit 2000 offset 68000 [] []
[2020-06-30 11:34:49] sql.INFO: [38.04] select * from `dic_word` limit 2000 offset 68000 [] []
[2020-06-30 11:34:51] sql.INFO: [35.42] select * from `dic_word` limit 2000 offset 68000 [] []
[2020-06-30 11:34:51] sql.INFO: [39.21] select * from `dic_word` limit 2000 offset 70000 [] []
[2020-06-30 11:34:53] sql.INFO: [37.32] select * from `dic_word` limit 2000 offset 70000 [] []
[2020-06-30 11:34:53] sql.INFO: [41.48] select * from `dic_word` limit 2000 offset 70000 [] []
[2020-06-30 11:34:54] sql.INFO: [41] select * from `dic_word` limit 2000 offset 70000 [] []
[2020-06-30 11:34:54] sql.INFO: [38] select * from `dic_word` limit 2000 offset 70000 [] []
[2020-06-30 11:34:55] sql.INFO: [41.47] select * from `dic_word` limit 2000 offset 70000 [] []
[2020-06-30 11:34:56] sql.INFO: [40.77] select * from `dic_word` limit 2000 offset 70000 [] []
[2020-06-30 11:34:56] sql.INFO: [42.08] select * from `dic_word` limit 2000 offset 70000 [] []
[2020-06-30 11:34:57] sql.INFO: [39.68] select * from `dic_word` limit 2000 offset 70000 [] []
[2020-06-30 11:34:58] sql.INFO: [39.24] select * from `dic_word` limit 2000 offset 70000 [] []
[2020-06-30 11:34:59] sql.INFO: [39.28] select * from `dic_word` limit 2000 offset 70000 [] []
[2020-06-30 11:34:59] sql.INFO: [39.92] select * from `dic_word` limit 2000 offset 70000 [] []
[2020-06-30 11:34:59] sql.INFO: [38.8] select * from `dic_word` limit 2000 offset 70000 [] []
[2020-06-30 11:35:00] sql.INFO: [38.73] select * from `dic_word` limit 2000 offset 70000 [] []
[2020-06-30 11:35:01] sql.INFO: [40.16] select * from `dic_word` limit 2000 offset 70000 [] []
[2020-06-30 11:35:02] sql.INFO: [39.01] select * from `dic_word` limit 2000 offset 70000 [] []
[2020-06-30 11:35:02] sql.INFO: [42.38] select * from `dic_word` limit 2000 offset 72000 [] []
[2020-06-30 11:35:03] sql.INFO: [35.43] select * from `dic_word` limit 2000 offset 72000 [] []
[2020-06-30 11:35:03] sql.INFO: [39.82] select * from `dic_word` limit 2000 offset 72000 [] []
[2020-06-30 11:35:03] sql.INFO: [38.22] select * from `dic_word` limit 2000 offset 72000 [] []
[2020-06-30 11:35:03] sql.INFO: [41.41] select * from `dic_word` limit 2000 offset 72000 [] []
[2020-06-30 11:35:04] sql.INFO: [38.65] select * from `dic_word` limit 2000 offset 72000 [] []
[2020-06-30 11:35:05] sql.INFO: [38.44] select * from `dic_word` limit 2000 offset 72000 [] []
[2020-06-30 11:35:05] sql.INFO: [42.39] select * from `dic_word` limit 2000 offset 72000 [] []
[2020-06-30 11:35:05] sql.INFO: [36.3] select * from `dic_word` limit 2000 offset 72000 [] []
[2020-06-30 11:35:06] sql.INFO: [43.43] select * from `dic_word` limit 2000 offset 72000 [] []
[2020-06-30 11:35:06] sql.INFO: [31.35] select * from `dic_word` limit 2000 offset 72000 [] []
[2020-06-30 11:35:06] sql.INFO: [32.8] select * from `dic_word` limit 2000 offset 72000 [] []
[2020-06-30 11:35:06] sql.INFO: [38.16] select * from `dic_word` limit 2000 offset 72000 [] []
[2020-06-30 11:35:07] sql.INFO: [42.2] select * from `dic_word` limit 2000 offset 72000 [] []
[2020-06-30 11:35:07] sql.INFO: [34.61] select * from `dic_word` limit 2000 offset 72000 [] []
[2020-06-30 11:35:08] sql.INFO: [39.25] select * from `dic_word` limit 2000 offset 72000 [] []
[2020-06-30 11:35:08] sql.INFO: [39.23] select * from `dic_word` limit 2000 offset 74000 [] []
[2020-06-30 11:35:08] sql.INFO: [43.87] select * from `dic_word` limit 2000 offset 74000 [] []
[2020-06-30 11:35:09] sql.INFO: [37.75] select * from `dic_word` limit 2000 offset 74000 [] []
[2020-06-30 11:35:09] sql.INFO: [41.15] select * from `dic_word` limit 2000 offset 74000 [] []
[2020-06-30 11:35:09] sql.INFO: [42.14] select * from `dic_word` limit 2000 offset 74000 [] []
[2020-06-30 11:35:09] sql.INFO: [36.22] select * from `dic_word` limit 2000 offset 74000 [] []
[2020-06-30 11:35:10] sql.INFO: [30.98] select * from `dic_word` limit 2000 offset 74000 [] []
[2020-06-30 11:35:10] sql.INFO: [25.72] select * from `dic_word` limit 2000 offset 74000 [] []
[2020-06-30 11:35:10] sql.INFO: [30.92] select * from `dic_word` limit 2000 offset 74000 [] []
[2020-06-30 11:35:11] sql.INFO: [35.32] select * from `dic_word` limit 2000 offset 74000 [] []
[2020-06-30 11:35:11] sql.INFO: [38.15] select * from `dic_word` limit 2000 offset 74000 [] []
[2020-06-30 11:35:11] sql.INFO: [38.77] select * from `dic_word` limit 2000 offset 74000 [] []
[2020-06-30 11:35:11] sql.INFO: [36.84] select * from `dic_word` limit 2000 offset 74000 [] []
[2020-06-30 11:35:11] sql.INFO: [37.58] select * from `dic_word` limit 2000 offset 74000 [] []
[2020-06-30 11:35:11] sql.INFO: [33.63] select * from `dic_word` limit 2000 offset 74000 [] []
[2020-06-30 11:35:12] sql.INFO: [33.1] select * from `dic_word` limit 2000 offset 74000 [] []
[2020-06-30 11:35:12] sql.INFO: [42.43] select * from `dic_word` limit 2000 offset 76000 [] []
[2020-06-30 11:35:12] sql.INFO: [32.96] select * from `dic_word` limit 2000 offset 76000 [] []
[2020-06-30 11:35:13] sql.INFO: [30.01] select * from `dic_word` limit 2000 offset 76000 [] []
[2020-06-30 11:35:13] sql.INFO: [32.96] select * from `dic_word` limit 2000 offset 76000 [] []
[2020-06-30 11:35:13] sql.INFO: [38.09] select * from `dic_word` limit 2000 offset 76000 [] []
[2020-06-30 11:35:13] sql.INFO: [34.44] select * from `dic_word` limit 2000 offset 76000 [] []
[2020-06-30 11:35:13] sql.INFO: [27.75] select * from `dic_word` limit 2000 offset 76000 [] []
[2020-06-30 11:35:14] sql.INFO: [29.51] select * from `dic_word` limit 2000 offset 76000 [] []
[2020-06-30 11:35:14] sql.INFO: [28.34] select * from `dic_word` limit 2000 offset 76000 [] []
[2020-06-30 11:35:14] sql.INFO: [34.25] select * from `dic_word` limit 2000 offset 76000 [] []
[2020-06-30 11:35:14] sql.INFO: [30.71] select * from `dic_word` limit 2000 offset 76000 [] []
[2020-06-30 11:35:14] sql.INFO: [28.58] select * from `dic_word` limit 2000 offset 76000 [] []
[2020-06-30 11:35:15] sql.INFO: [30.91] select * from `dic_word` limit 2000 offset 76000 [] []
[2020-06-30 11:35:15] sql.INFO: [27.46] select * from `dic_word` limit 2000 offset 76000 [] []
[2020-06-30 11:35:15] sql.INFO: [29.1] select * from `dic_word` limit 2000 offset 78000 [] []
[2020-06-30 11:35:15] sql.INFO: [26.12] select * from `dic_word` limit 2000 offset 76000 [] []
[2020-06-30 11:35:15] sql.INFO: [30.54] select * from `dic_word` limit 2000 offset 76000 [] []
[2020-06-30 11:35:15] sql.INFO: [31.98] select * from `dic_word` limit 2000 offset 78000 [] []
[2020-06-30 11:35:16] sql.INFO: [30.38] select * from `dic_word` limit 2000 offset 78000 [] []
[2020-06-30 11:35:16] sql.INFO: [29.72] select * from `dic_word` limit 2000 offset 78000 [] []
[2020-06-30 11:35:16] sql.INFO: [30.11] select * from `dic_word` limit 2000 offset 78000 [] []
[2020-06-30 11:35:16] sql.INFO: [30.32] select * from `dic_word` limit 2000 offset 78000 [] []
[2020-06-30 11:35:16] sql.INFO: [27.53] select * from `dic_word` limit 2000 offset 78000 [] []
[2020-06-30 11:35:17] sql.INFO: [32.56] select * from `dic_word` limit 2000 offset 78000 [] []
[2020-06-30 11:35:17] sql.INFO: [32.48] select * from `dic_word` limit 2000 offset 78000 [] []
[2020-06-30 11:35:17] sql.INFO: [29.1] select * from `dic_word` limit 2000 offset 78000 [] []
[2020-06-30 11:35:17] sql.INFO: [29.28] select * from `dic_word` limit 2000 offset 78000 [] []
[2020-06-30 11:35:17] sql.INFO: [29.91] select * from `dic_word` limit 2000 offset 78000 [] []
[2020-06-30 11:35:17] sql.INFO: [31.27] select * from `dic_word` limit 2000 offset 78000 [] []
[2020-06-30 11:35:17] sql.INFO: [32.19] select * from `dic_word` limit 2000 offset 78000 [] []
[2020-06-30 11:35:18] sql.INFO: [30.77] select * from `dic_word` limit 2000 offset 80000 [] []
[2020-06-30 11:35:18] sql.INFO: [33.75] select * from `dic_word` limit 2000 offset 78000 [] []
[2020-06-30 11:35:18] sql.INFO: [31.14] select * from `dic_word` limit 2000 offset 78000 [] []
[2020-06-30 11:35:18] sql.INFO: [33.49] select * from `dic_word` limit 2000 offset 80000 [] []
[2020-06-30 11:35:18] sql.INFO: [31.17] select * from `dic_word` limit 2000 offset 80000 [] []
[2020-06-30 11:35:18] sql.INFO: [32.56] select * from `dic_word` limit 2000 offset 80000 [] []
[2020-06-30 11:35:18] sql.INFO: [33.84] select * from `dic_word` limit 2000 offset 80000 [] []
[2020-06-30 11:35:19] sql.INFO: [33.87] select * from `dic_word` limit 2000 offset 80000 [] []
[2020-06-30 11:35:19] sql.INFO: [30.63] select * from `dic_word` limit 2000 offset 80000 [] []
[2020-06-30 11:35:19] sql.INFO: [31.32] select * from `dic_word` limit 2000 offset 80000 [] []
[2020-06-30 11:35:19] sql.INFO: [31.48] select * from `dic_word` limit 2000 offset 80000 [] []
[2020-06-30 11:35:19] sql.INFO: [31.73] select * from `dic_word` limit 2000 offset 80000 [] []
[2020-06-30 11:35:19] sql.INFO: [29.97] select * from `dic_word` limit 2000 offset 80000 [] []
[2020-06-30 11:35:19] sql.INFO: [30.05] select * from `dic_word` limit 2000 offset 80000 [] []
[2020-06-30 11:35:20] sql.INFO: [31.23] select * from `dic_word` limit 2000 offset 80000 [] []
[2020-06-30 11:35:20] sql.INFO: [30.36] select * from `dic_word` limit 2000 offset 80000 [] []
[2020-06-30 11:35:20] sql.INFO: [30.2] select * from `dic_word` limit 2000 offset 82000 [] []
[2020-06-30 11:35:20] sql.INFO: [30.6] select * from `dic_word` limit 2000 offset 80000 [] []
[2020-06-30 11:35:20] sql.INFO: [29.3] select * from `dic_word` limit 2000 offset 80000 [] []
[2020-06-30 11:35:20] sql.INFO: [30.57] select * from `dic_word` limit 2000 offset 82000 [] []
[2020-06-30 11:35:21] sql.INFO: [26.99] select * from `dic_word` limit 2000 offset 82000 [] []
[2020-06-30 11:35:21] sql.INFO: [30.04] select * from `dic_word` limit 2000 offset 82000 [] []
[2020-06-30 11:35:21] sql.INFO: [30.97] select * from `dic_word` limit 2000 offset 82000 [] []
[2020-06-30 11:35:21] sql.INFO: [30.84] select * from `dic_word` limit 2000 offset 82000 [] []
[2020-06-30 11:35:21] sql.INFO: [30.45] select * from `dic_word` limit 2000 offset 82000 [] []
[2020-06-30 11:35:21] sql.INFO: [37.14] select * from `dic_word` limit 2000 offset 82000 [] []
[2020-06-30 11:35:21] sql.INFO: [35.44] select * from `dic_word` limit 2000 offset 82000 [] []
[2020-06-30 11:35:21] sql.INFO: [35.96] select * from `dic_word` limit 2000 offset 82000 [] []
[2020-06-30 11:35:22] sql.INFO: [32.71] select * from `dic_word` limit 2000 offset 82000 [] []
[2020-06-30 11:35:22] sql.INFO: [30.34] select * from `dic_word` limit 2000 offset 82000 [] []
[2020-06-30 11:35:22] sql.INFO: [35.5] select * from `dic_word` limit 2000 offset 82000 [] []
[2020-06-30 11:35:22] sql.INFO: [32.24] select * from `dic_word` limit 2000 offset 82000 [] []
[2020-06-30 11:35:22] sql.INFO: [32.4] select * from `dic_word` limit 2000 offset 84000 [] []
[2020-06-30 11:35:22] sql.INFO: [31.25] select * from `dic_word` limit 2000 offset 82000 [] []
[2020-06-30 11:35:22] sql.INFO: [30.29] select * from `dic_word` limit 2000 offset 82000 [] []
[2020-06-30 11:35:23] sql.INFO: [30.25] select * from `dic_word` limit 2000 offset 84000 [] []
[2020-06-30 11:35:23] sql.INFO: [26.88] select * from `dic_word` limit 2000 offset 84000 [] []
[2020-06-30 11:35:23] sql.INFO: [31.14] select * from `dic_word` limit 2000 offset 84000 [] []
[2020-06-30 11:35:23] sql.INFO: [30.53] select * from `dic_word` limit 2000 offset 84000 [] []
[2020-06-30 11:35:23] sql.INFO: [30.73] select * from `dic_word` limit 2000 offset 84000 [] []
[2020-06-30 11:35:24] sql.INFO: [30.94] select * from `dic_word` limit 2000 offset 84000 [] []
[2020-06-30 11:35:24] sql.INFO: [38.38] select * from `dic_word` limit 2000 offset 84000 [] []
[2020-06-30 11:35:24] sql.INFO: [38.94] select * from `dic_word` limit 2000 offset 84000 [] []
[2020-06-30 11:35:24] sql.INFO: [38.96] select * from `dic_word` limit 2000 offset 84000 [] []
[2020-06-30 11:35:24] sql.INFO: [31.21] select * from `dic_word` limit 2000 offset 84000 [] []
[2020-06-30 11:35:24] sql.INFO: [31.36] select * from `dic_word` limit 2000 offset 84000 [] []
[2020-06-30 11:35:25] sql.INFO: [31.36] select * from `dic_word` limit 2000 offset 84000 [] []
[2020-06-30 11:35:25] sql.INFO: [34.59] select * from `dic_word` limit 2000 offset 84000 [] []
[2020-06-30 11:35:25] sql.INFO: [34.19] select * from `dic_word` limit 2000 offset 86000 [] []
[2020-06-30 11:35:25] sql.INFO: [33.95] select * from `dic_word` limit 2000 offset 84000 [] []
[2020-06-30 11:35:25] sql.INFO: [31.34] select * from `dic_word` limit 2000 offset 84000 [] []
[2020-06-30 11:35:25] sql.INFO: [31.69] select * from `dic_word` limit 2000 offset 86000 [] []
[2020-06-30 11:35:25] sql.INFO: [32.31] select * from `dic_word` limit 2000 offset 86000 [] []
[2020-06-30 11:35:25] sql.INFO: [33.18] select * from `dic_word` limit 2000 offset 86000 [] []
[2020-06-30 11:35:25] sql.INFO: [32.83] select * from `dic_word` limit 2000 offset 86000 [] []
[2020-06-30 11:35:26] sql.INFO: [31.88] select * from `dic_word` limit 2000 offset 86000 [] []
[2020-06-30 11:35:26] sql.INFO: [32.77] select * from `dic_word` limit 2000 offset 86000 [] []
[2020-06-30 11:35:26] sql.INFO: [37.76] select * from `dic_word` limit 2000 offset 86000 [] []
[2020-06-30 11:35:26] sql.INFO: [38.22] select * from `dic_word` limit 2000 offset 86000 [] []
[2020-06-30 11:35:26] sql.INFO: [35.33] select * from `dic_word` limit 2000 offset 86000 [] []
[2020-06-30 11:35:26] sql.INFO: [30.6] select * from `dic_word` limit 2000 offset 86000 [] []
[2020-06-30 11:35:26] sql.INFO: [33.51] select * from `dic_word` limit 2000 offset 86000 [] []
[2020-06-30 11:35:27] sql.INFO: [31.38] select * from `dic_word` limit 2000 offset 86000 [] []
[2020-06-30 11:35:27] sql.INFO: [35.56] select * from `dic_word` limit 2000 offset 86000 [] []
[2020-06-30 11:35:27] sql.INFO: [35.14] select * from `dic_word` limit 2000 offset 88000 [] []
[2020-06-30 11:35:27] sql.INFO: [32.4] select * from `dic_word` limit 2000 offset 86000 [] []
[2020-06-30 11:35:27] sql.INFO: [31.72] select * from `dic_word` limit 2000 offset 86000 [] []
[2020-06-30 11:35:27] sql.INFO: [32.49] select * from `dic_word` limit 2000 offset 88000 [] []
[2020-06-30 11:35:28] sql.INFO: [32.17] select * from `dic_word` limit 2000 offset 88000 [] []
[2020-06-30 11:35:28] sql.INFO: [34.09] select * from `dic_word` limit 2000 offset 88000 [] []
[2020-06-30 11:35:28] sql.INFO: [34.26] select * from `dic_word` limit 2000 offset 88000 [] []
[2020-06-30 11:35:28] sql.INFO: [34.17] select * from `dic_word` limit 2000 offset 88000 [] []
[2020-06-30 11:35:28] sql.INFO: [33.66] select * from `dic_word` limit 2000 offset 88000 [] []
[2020-06-30 11:35:28] sql.INFO: [36.92] select * from `dic_word` limit 2000 offset 88000 [] []
[2020-06-30 11:35:28] sql.INFO: [35.65] select * from `dic_word` limit 2000 offset 88000 [] []
[2020-06-30 11:35:28] sql.INFO: [36.12] select * from `dic_word` limit 2000 offset 88000 [] []
[2020-06-30 11:35:29] sql.INFO: [33.28] select * from `dic_word` limit 2000 offset 88000 [] []
[2020-06-30 11:35:29] sql.INFO: [34.06] select * from `dic_word` limit 2000 offset 88000 [] []
[2020-06-30 11:35:29] sql.INFO: [32.64] select * from `dic_word` limit 2000 offset 88000 [] []
[2020-06-30 11:35:29] sql.INFO: [32.29] select * from `dic_word` limit 2000 offset 88000 [] []
[2020-06-30 11:35:29] sql.INFO: [31.74] select * from `dic_word` limit 2000 offset 88000 [] []
[2020-06-30 11:35:29] sql.INFO: [30.4] select * from `dic_word` limit 2000 offset 90000 [] []
[2020-06-30 11:35:29] sql.INFO: [30.11] select * from `dic_word` limit 2000 offset 90000 [] []
[2020-06-30 11:35:29] sql.INFO: [34.84] select * from `dic_word` limit 2000 offset 88000 [] []
[2020-06-30 11:35:30] sql.INFO: [32.21] select * from `dic_word` limit 2000 offset 90000 [] []
[2020-06-30 11:35:30] sql.INFO: [30.34] select * from `dic_word` limit 2000 offset 90000 [] []
[2020-06-30 11:35:30] sql.INFO: [29.43] select * from `dic_word` limit 2000 offset 90000 [] []
[2020-06-30 11:35:30] sql.INFO: [30.54] select * from `dic_word` limit 2000 offset 90000 [] []
[2020-06-30 11:35:31] sql.INFO: [38.39] select * from `dic_word` limit 2000 offset 90000 [] []
[2020-06-30 11:35:31] sql.INFO: [38.2] select * from `dic_word` limit 2000 offset 90000 [] []
[2020-06-30 11:35:31] sql.INFO: [38.08] select * from `dic_word` limit 2000 offset 90000 [] []
[2020-06-30 11:35:31] sql.INFO: [38.59] select * from `dic_word` limit 2000 offset 90000 [] []
[2020-06-30 11:35:31] sql.INFO: [43.84] select * from `dic_word` limit 2000 offset 90000 [] []
[2020-06-30 11:35:31] sql.INFO: [38.76] select * from `dic_word` limit 2000 offset 90000 [] []
[2020-06-30 11:35:31] sql.INFO: [37.72] select * from `dic_word` limit 2000 offset 90000 [] []
[2020-06-30 11:35:31] sql.INFO: [34.13] select * from `dic_word` limit 2000 offset 90000 [] []
[2020-06-30 11:35:31] sql.INFO: [28.79] select * from `dic_word` limit 2000 offset 90000 [] []
[2020-06-30 11:35:32] sql.INFO: [45.95] select * from `dic_word` limit 2000 offset 92000 [] []
[2020-06-30 11:35:32] sql.INFO: [40.76] select * from `dic_word` limit 2000 offset 92000 [] []
[2020-06-30 11:35:32] sql.INFO: [36.76] select * from `dic_word` limit 2000 offset 90000 [] []
[2020-06-30 11:35:32] sql.INFO: [34.79] select * from `dic_word` limit 2000 offset 92000 [] []
[2020-06-30 11:35:32] sql.INFO: [34.05] select * from `dic_word` limit 2000 offset 92000 [] []
[2020-06-30 11:35:33] sql.INFO: [35.19] select * from `dic_word` limit 2000 offset 92000 [] []
[2020-06-30 11:35:33] sql.INFO: [34.12] select * from `dic_word` limit 2000 offset 92000 [] []
[2020-06-30 11:35:33] sql.INFO: [33.8] select * from `dic_word` limit 2000 offset 92000 [] []
[2020-06-30 11:35:33] sql.INFO: [36.42] select * from `dic_word` limit 2000 offset 92000 [] []
[2020-06-30 11:35:33] sql.INFO: [36.74] select * from `dic_word` limit 2000 offset 92000 [] []
[2020-06-30 11:35:33] sql.INFO: [36.82] select * from `dic_word` limit 2000 offset 92000 [] []
[2020-06-30 11:35:33] sql.INFO: [33.72] select * from `dic_word` limit 2000 offset 92000 [] []
[2020-06-30 11:35:33] sql.INFO: [30.88] select * from `dic_word` limit 2000 offset 92000 [] []
[2020-06-30 11:35:33] sql.INFO: [30.03] select * from `dic_word` limit 2000 offset 92000 [] []
[2020-06-30 11:35:34] sql.INFO: [33.19] select * from `dic_word` limit 2000 offset 92000 [] []
[2020-06-30 11:35:34] sql.INFO: [33.9] select * from `dic_word` limit 2000 offset 92000 [] []
[2020-06-30 11:35:34] sql.INFO: [47.58] select * from `dic_word` limit 2000 offset 94000 [] []
[2020-06-30 11:35:34] sql.INFO: [35.19] select * from `dic_word` limit 2000 offset 92000 [] []
[2020-06-30 11:35:34] sql.INFO: [34.19] select * from `dic_word` limit 2000 offset 94000 [] []
[2020-06-30 11:35:34] sql.INFO: [32.95] select * from `dic_word` limit 2000 offset 94000 [] []
[2020-06-30 11:35:34] sql.INFO: [33.95] select * from `dic_word` limit 2000 offset 94000 [] []
[2020-06-30 11:35:35] sql.INFO: [33.52] select * from `dic_word` limit 2000 offset 94000 [] []
[2020-06-30 11:35:35] sql.INFO: [37.21] select * from `dic_word` limit 2000 offset 94000 [] []
[2020-06-30 11:35:35] sql.INFO: [38.71] select * from `dic_word` limit 2000 offset 94000 [] []
[2020-06-30 11:35:35] sql.INFO: [35.87] select * from `dic_word` limit 2000 offset 94000 [] []
[2020-06-30 11:35:35] sql.INFO: [36.06] select * from `dic_word` limit 2000 offset 94000 [] []
[2020-06-30 11:35:35] sql.INFO: [34.64] select * from `dic_word` limit 2000 offset 94000 [] []
[2020-06-30 11:35:36] sql.INFO: [36.79] select * from `dic_word` limit 2000 offset 94000 [] []
[2020-06-30 11:35:36] sql.INFO: [37.82] select * from `dic_word` limit 2000 offset 94000 [] []
[2020-06-30 11:35:36] sql.INFO: [37.31] select * from `dic_word` limit 2000 offset 94000 [] []
[2020-06-30 11:35:36] sql.INFO: [34.39] select * from `dic_word` limit 2000 offset 94000 [] []
[2020-06-30 11:35:36] sql.INFO: [35.37] select * from `dic_word` limit 2000 offset 94000 [] []
[2020-06-30 11:35:36] sql.INFO: [30.63] select * from `dic_word` limit 2000 offset 94000 [] []
[2020-06-30 11:35:37] sql.INFO: [35.07] select * from `dic_word` limit 2000 offset 96000 [] []
[2020-06-30 11:35:37] sql.INFO: [36.45] select * from `dic_word` limit 2000 offset 96000 [] []
[2020-06-30 11:35:37] sql.INFO: [40.25] select * from `dic_word` limit 2000 offset 96000 [] []
[2020-06-30 11:35:37] sql.INFO: [31.27] select * from `dic_word` limit 2000 offset 96000 [] []
[2020-06-30 11:35:37] sql.INFO: [35.08] select * from `dic_word` limit 2000 offset 96000 [] []
[2020-06-30 11:35:37] sql.INFO: [36.55] select * from `dic_word` limit 2000 offset 96000 [] []
[2020-06-30 11:35:37] sql.INFO: [36.44] select * from `dic_word` limit 2000 offset 96000 [] []
[2020-06-30 11:35:38] sql.INFO: [34.71] select * from `dic_word` limit 2000 offset 96000 [] []
[2020-06-30 11:35:38] sql.INFO: [38.2] select * from `dic_word` limit 2000 offset 96000 [] []
[2020-06-30 11:35:38] sql.INFO: [39.24] select * from `dic_word` limit 2000 offset 96000 [] []
[2020-06-30 11:35:38] sql.INFO: [39.2] select * from `dic_word` limit 2000 offset 96000 [] []
[2020-06-30 11:35:38] sql.INFO: [39.49] select * from `dic_word` limit 2000 offset 96000 [] []
[2020-06-30 11:35:38] sql.INFO: [38.02] select * from `dic_word` limit 2000 offset 96000 [] []
[2020-06-30 11:35:38] sql.INFO: [34.69] select * from `dic_word` limit 2000 offset 96000 [] []
[2020-06-30 11:35:38] sql.INFO: [34.72] select * from `dic_word` limit 2000 offset 96000 [] []
[2020-06-30 11:35:39] sql.INFO: [35.9] select * from `dic_word` limit 2000 offset 96000 [] []
[2020-06-30 11:35:39] sql.INFO: [35.92] select * from `dic_word` limit 2000 offset 98000 [] []
[2020-06-30 11:35:39] sql.INFO: [35.88] select * from `dic_word` limit 2000 offset 98000 [] []
[2020-06-30 11:35:39] sql.INFO: [36.06] select * from `dic_word` limit 2000 offset 98000 [] []
[2020-06-30 11:35:39] sql.INFO: [36.09] select * from `dic_word` limit 2000 offset 98000 [] []
[2020-06-30 11:35:39] sql.INFO: [33.44] select * from `dic_word` limit 2000 offset 98000 [] []
[2020-06-30 11:35:40] sql.INFO: [32.4] select * from `dic_word` limit 2000 offset 98000 [] []
[2020-06-30 11:35:40] sql.INFO: [31.9] select * from `dic_word` limit 2000 offset 98000 [] []
[2020-06-30 11:35:40] sql.INFO: [40.78] select * from `dic_word` limit 2000 offset 98000 [] []
[2020-06-30 11:35:40] sql.INFO: [37.24] select * from `dic_word` limit 2000 offset 98000 [] []
[2020-06-30 11:35:40] sql.INFO: [41.03] select * from `dic_word` limit 2000 offset 98000 [] []
[2020-06-30 11:35:40] sql.INFO: [40.5] select * from `dic_word` limit 2000 offset 98000 [] []
[2020-06-30 11:35:41] sql.INFO: [39.62] select * from `dic_word` limit 2000 offset 98000 [] []
[2020-06-30 11:35:41] sql.INFO: [35.65] select * from `dic_word` limit 2000 offset 98000 [] []
[2020-06-30 11:35:41] sql.INFO: [35.8] select * from `dic_word` limit 2000 offset 98000 [] []
[2020-06-30 11:35:41] sql.INFO: [36.1] select * from `dic_word` limit 2000 offset 98000 [] []
[2020-06-30 11:35:41] sql.INFO: [32.8] select * from `dic_word` limit 2000 offset 98000 [] []
[2020-06-30 11:35:41] sql.INFO: [32.45] select * from `dic_word` limit 2000 offset 100000 [] []
[2020-06-30 11:35:42] sql.INFO: [35.1] select * from `dic_word` limit 2000 offset 100000 [] []
[2020-06-30 11:35:42] sql.INFO: [31.55] select * from `dic_word` limit 2000 offset 100000 [] []
[2020-06-30 11:35:42] sql.INFO: [41.69] select * from `dic_word` limit 2000 offset 100000 [] []
[2020-06-30 11:35:42] sql.INFO: [41.81] select * from `dic_word` limit 2000 offset 100000 [] []
[2020-06-30 11:35:46] sql.INFO: [34.94] select * from `dic_word` limit 2000 offset 100000 [] []
[2020-06-30 11:35:46] sql.INFO: [38.05] select * from `dic_word` limit 2000 offset 100000 [] []
[2020-06-30 11:35:46] sql.INFO: [36.92] select * from `dic_word` limit 2000 offset 100000 [] []
[2020-06-30 11:35:46] sql.INFO: [38.29] select * from `dic_word` limit 2000 offset 100000 [] []
[2020-06-30 11:35:46] sql.INFO: [38.38] select * from `dic_word` limit 2000 offset 100000 [] []
[2020-06-30 11:35:46] sql.INFO: [37.52] select * from `dic_word` limit 2000 offset 100000 [] []
[2020-06-30 11:35:46] sql.INFO: [35.65] select * from `dic_word` limit 2000 offset 100000 [] []
[2020-06-30 11:35:46] sql.INFO: [36.79] select * from `dic_word` limit 2000 offset 100000 [] []
[2020-06-30 11:35:46] sql.INFO: [41.17] select * from `dic_word` limit 2000 offset 100000 [] []
[2020-06-30 11:35:46] sql.INFO: [43.68] select * from `dic_word` limit 2000 offset 100000 [] []
[2020-06-30 11:35:47] sql.INFO: [36.33] select * from `dic_word` limit 2000 offset 100000 [] []
[2020-06-30 11:35:47] sql.INFO: [36.88] select * from `dic_word` limit 2000 offset 102000 [] []
[2020-06-30 11:35:47] sql.INFO: [39.37] select * from `dic_word` limit 2000 offset 102000 [] []
[2020-06-30 11:35:47] sql.INFO: [38.99] select * from `dic_word` limit 2000 offset 102000 [] []
[2020-06-30 11:35:47] sql.INFO: [37.5] select * from `dic_word` limit 2000 offset 102000 [] []
[2020-06-30 11:35:48] sql.INFO: [39.03] select * from `dic_word` limit 2000 offset 102000 [] []
[2020-06-30 11:35:48] sql.INFO: [32.36] select * from `dic_word` limit 2000 offset 102000 [] []
[2020-06-30 11:35:48] sql.INFO: [32.67] select * from `dic_word` limit 2000 offset 102000 [] []
[2020-06-30 11:35:48] sql.INFO: [35.67] select * from `dic_word` limit 2000 offset 102000 [] []
[2020-06-30 11:35:48] sql.INFO: [36.07] select * from `dic_word` limit 2000 offset 102000 [] []
[2020-06-30 11:35:48] sql.INFO: [35.16] select * from `dic_word` limit 2000 offset 102000 [] []
[2020-06-30 11:35:48] sql.INFO: [33.09] select * from `dic_word` limit 2000 offset 102000 [] []
[2020-06-30 11:35:48] sql.INFO: [33.54] select * from `dic_word` limit 2000 offset 102000 [] []
[2020-06-30 11:35:48] sql.INFO: [33.21] select * from `dic_word` limit 2000 offset 102000 [] []
[2020-06-30 11:35:48] sql.INFO: [37.21] select * from `dic_word` limit 2000 offset 102000 [] []
[2020-06-30 11:35:48] sql.INFO: [32.3] select * from `dic_word` limit 2000 offset 102000 [] []
[2020-06-30 11:35:49] sql.INFO: [38.03] select * from `dic_word` limit 2000 offset 102000 [] []
[2020-06-30 11:35:49] sql.INFO: [40.62] select * from `dic_word` limit 2000 offset 104000 [] []
[2020-06-30 11:35:49] sql.INFO: [39.28] select * from `dic_word` limit 2000 offset 104000 [] []
[2020-06-30 11:35:49] sql.INFO: [36.03] select * from `dic_word` limit 2000 offset 104000 [] []
[2020-06-30 11:35:49] sql.INFO: [38.13] select * from `dic_word` limit 2000 offset 104000 [] []
[2020-06-30 11:35:50] sql.INFO: [38.01] select * from `dic_word` limit 2000 offset 104000 [] []
[2020-06-30 11:35:50] sql.INFO: [38.4] select * from `dic_word` limit 2000 offset 104000 [] []
[2020-06-30 11:35:50] sql.INFO: [41.06] select * from `dic_word` limit 2000 offset 104000 [] []
[2020-06-30 11:35:50] sql.INFO: [37.88] select * from `dic_word` limit 2000 offset 104000 [] []
[2020-06-30 11:35:50] sql.INFO: [40.98] select * from `dic_word` limit 2000 offset 104000 [] []
[2020-06-30 11:35:50] sql.INFO: [40.26] select * from `dic_word` limit 2000 offset 104000 [] []
[2020-06-30 11:35:50] sql.INFO: [38.35] select * from `dic_word` limit 2000 offset 104000 [] []
[2020-06-30 11:35:50] sql.INFO: [37.67] select * from `dic_word` limit 2000 offset 104000 [] []
[2020-06-30 11:35:50] sql.INFO: [36.94] select * from `dic_word` limit 2000 offset 104000 [] []
[2020-06-30 11:35:50] sql.INFO: [55.55] select * from `dic_word` limit 2000 offset 104000 [] []
[2020-06-30 11:35:51] sql.INFO: [48.6] select * from `dic_word` limit 2000 offset 104000 [] []
[2020-06-30 11:35:52] sql.INFO: [44.87] select * from `dic_word` limit 2000 offset 104000 [] []
[2020-06-30 11:35:52] sql.INFO: [38.62] select * from `dic_word` limit 2000 offset 106000 [] []
[2020-06-30 11:35:52] sql.INFO: [48.27] select * from `dic_word` limit 2000 offset 106000 [] []
[2020-06-30 11:35:53] sql.INFO: [43.59] select * from `dic_word` limit 2000 offset 106000 [] []
[2020-06-30 11:35:53] sql.INFO: [44.49] select * from `dic_word` limit 2000 offset 106000 [] []
[2020-06-30 11:35:53] sql.INFO: [37.96] select * from `dic_word` limit 2000 offset 106000 [] []
[2020-06-30 11:35:54] sql.INFO: [44.61] select * from `dic_word` limit 2000 offset 106000 [] []
[2020-06-30 11:35:54] afterworkerListener.INFO: worker{10}词典初始化完成,耗时：190.61017489433s,峰值内存：316.06883239746M [] []
[2020-06-30 11:35:54] sql.INFO: [37.87] select * from `dic_word` limit 2000 offset 106000 [] []
[2020-06-30 11:35:54] sql.INFO: [46.24] select * from `dic_word` limit 2000 offset 106000 [] []
[2020-06-30 11:35:54] sql.INFO: [35.82] select * from `dic_word` limit 2000 offset 106000 [] []
[2020-06-30 11:35:54] sql.INFO: [37.94] select * from `dic_word` limit 2000 offset 106000 [] []
[2020-06-30 11:35:54] sql.INFO: [40.3] select * from `dic_word` limit 2000 offset 106000 [] []
[2020-06-30 11:35:54] afterworkerListener.INFO: worker{3}词典初始化完成,耗时：190.84787297249s,峰值内存：316.06883239746M [] []
[2020-06-30 11:35:54] sql.INFO: [39.66] select * from `dic_word` limit 2000 offset 106000 [] []
[2020-06-30 11:35:54] sql.INFO: [53.74] select * from `dic_word` limit 2000 offset 106000 [] []
[2020-06-30 11:35:54] sql.INFO: [33.98] select * from `dic_word` limit 2000 offset 106000 [] []
[2020-06-30 11:35:54] afterworkerListener.INFO: worker{1}词典初始化完成,耗时：191.27108693123s,峰值内存：316.06883239746M [] []
[2020-06-30 11:35:55] afterworkerListener.INFO: worker{4}词典初始化完成,耗时：191.38983416557s,峰值内存：316.06883239746M [] []
[2020-06-30 11:35:55] sql.INFO: [33.1] select * from `dic_word` limit 2000 offset 106000 [] []
[2020-06-30 11:35:55] afterworkerListener.INFO: worker{13}词典初始化完成,耗时：191.54829907417s,峰值内存：316.06883239746M [] []
[2020-06-30 11:35:55] afterworkerListener.INFO: worker{7}词典初始化完成,耗时：191.6346218586s,峰值内存：316.06883239746M [] []
[2020-06-30 11:35:55] afterworkerListener.INFO: worker{11}词典初始化完成,耗时：191.72143387794s,峰值内存：316.06883239746M [] []
[2020-06-30 11:35:55] afterworkerListener.INFO: worker{6}词典初始化完成,耗时：191.75071907043s,峰值内存：316.06883239746M [] []
[2020-06-30 11:35:55] afterworkerListener.INFO: worker{15}词典初始化完成,耗时：191.79750609398s,峰值内存：316.06883239746M [] []
[2020-06-30 11:35:55] afterworkerListener.INFO: worker{8}词典初始化完成,耗时：191.80408883095s,峰值内存：316.06883239746M [] []
[2020-06-30 11:35:55] afterworkerListener.INFO: worker{14}词典初始化完成,耗时：191.80190992355s,峰值内存：316.06883239746M [] []
[2020-06-30 11:35:55] afterworkerListener.INFO: worker{2}词典初始化完成,耗时：191.81643199921s,峰值内存：316.06883239746M [] []
[2020-06-30 11:35:55] afterworkerListener.INFO: worker{0}词典初始化完成,耗时：191.82120895386s,峰值内存：316.06883239746M [] []
[2020-06-30 11:35:55] sql.INFO: [28.9] select * from `dic_word` limit 2000 offset 106000 [] []
[2020-06-30 11:35:55] afterworkerListener.INFO: worker{12}词典初始化完成,耗时：191.84622812271s,峰值内存：316.06883239746M [] []
[2020-06-30 11:35:55] afterworkerListener.INFO: worker{9}词典初始化完成,耗时：191.87072110176s,峰值内存：316.06883239746M [] []
[2020-06-30 11:35:55] afterworkerListener.INFO: worker{5}词典初始化完成,耗时：191.91768097878s,峰值内存：316.06883239746M [] []
